"../../../Engine/Content/EngineMaterials/T_Default_Material_Grid_M.ubulk" 0
"../../../Engine/Content/EngineMaterials/T_Default_Material_Grid_M.uasset" 1
"../../../Engine/Content/EngineMaterials/T_Default_Material_Grid_M.uexp" 2
"../../../Engine/Content/EngineMaterials/T_Default_Material_Grid_N.ubulk" 3
"../../../Engine/Content/EngineMaterials/T_Default_Material_Grid_N.uasset" 4
"../../../Engine/Content/EngineMaterials/T_Default_Material_Grid_N.uexp" 5
"../../../Engine/Content/Functions/Engine_MaterialFunctions01/Opacity/CameraDepthFade.uasset" 6
"../../../Engine/Content/Functions/Engine_MaterialFunctions01/Opacity/CameraDepthFade.uexp" 7
"../../../Engine/Content/EngineMaterials/DefaultMaterial.uasset" 8
"../../../Engine/Content/EngineMaterials/DefaultMaterial.uexp" 9
"../../../Engine/Content/BasicShapes/Sphere.ubulk" 10
"../../../Engine/Content/BasicShapes/Sphere.uasset" 11
"../../../Engine/Content/BasicShapes/Sphere.uexp" 12
"../../../Engine/Content/EngineMaterials/WorldGridMaterial.uasset" 13
"../../../Engine/Content/EngineMaterials/WorldGridMaterial.uexp" 14
"../../../Engine/Content/BasicShapes/Plane.ubulk" 15
"../../../Engine/Content/BasicShapes/Plane.uasset" 16
"../../../Engine/Content/BasicShapes/Plane.uexp" 17
"../../../Engine/Content/BasicShapes/Cylinder.ubulk" 18
"../../../Engine/Content/BasicShapes/Cylinder.uasset" 19
"../../../Engine/Content/BasicShapes/Cylinder.uexp" 20
"../../../Engine/Content/BasicShapes/Cone.ubulk" 21
"../../../Engine/Content/BasicShapes/Cone.uasset" 22
"../../../Engine/Content/BasicShapes/Cone.uexp" 23
"../../../Engine/Content/ArtTools/RenderToTexture/Meshes/S_1_Unit_Plane.ubulk" 24
"../../../Engine/Content/ArtTools/RenderToTexture/Meshes/S_1_Unit_Plane.uasset" 25
"../../../Engine/Content/ArtTools/RenderToTexture/Meshes/S_1_Unit_Plane.uexp" 26
"../../../Engine/Content/EditorLandscapeResources/DefaultAlphaTexture.uasset" 27
"../../../Engine/Content/EditorLandscapeResources/DefaultAlphaTexture.uexp" 28
"../../../Engine/Content/EditorLandscapeResources/DataLayer.uasset" 29
"../../../Engine/Content/EditorLandscapeResources/DataLayer.uexp" 30
"../../../Engine/Content/EditorMaterials/PreviewShadowIndicator.ubulk" 31
"../../../Engine/Content/EditorMaterials/PreviewShadowIndicator.uasset" 32
"../../../Engine/Content/EditorMaterials/PreviewShadowIndicator.uexp" 33
"../../../Engine/Content/EditorMaterials/PreviewShadowIndicatorMaterial.uasset" 34
"../../../Engine/Content/EditorMaterials/PreviewShadowIndicatorMaterial.uexp" 35
"../../../Engine/Content/EditorMaterials/MAT_Groups_Visibility.uasset" 36
"../../../Engine/Content/EditorMaterials/MAT_Groups_Visibility.uexp" 37
"../../../Engine/Content/EditorMaterials/MAT_Groups_Toggle.uasset" 38
"../../../Engine/Content/EditorMaterials/MAT_Groups_Toggle.uexp" 39
"../../../Engine/Content/EditorMaterials/MatineeGroups/MAT_Groups_Vector.uasset" 40
"../../../Engine/Content/EditorMaterials/MatineeGroups/MAT_Groups_Vector.uexp" 41
"../../../Engine/Content/EditorMaterials/MatineeGroups/MAT_Groups_Sound.uasset" 42
"../../../Engine/Content/EditorMaterials/MatineeGroups/MAT_Groups_Sound.uexp" 43
"../../../Engine/Content/EditorMaterials/MatineeGroups/MAT_Groups_Slomo.uasset" 44
"../../../Engine/Content/EditorMaterials/MatineeGroups/MAT_Groups_Slomo.uexp" 45
"../../../Engine/Content/EditorMaterials/MatineeGroups/MAT_Groups_Move.uasset" 46
"../../../Engine/Content/EditorMaterials/MatineeGroups/MAT_Groups_Move.uexp" 47
"../../../Engine/Content/EditorMaterials/MatineeGroups/MAT_Groups_Float.uasset" 48
"../../../Engine/Content/EditorMaterials/MatineeGroups/MAT_Groups_Float.uexp" 49
"../../../Engine/Content/EditorMaterials/MatineeGroups/MAT_Groups_Fade.uasset" 50
"../../../Engine/Content/EditorMaterials/MatineeGroups/MAT_Groups_Fade.uexp" 51
"../../../Engine/Content/EditorMaterials/MatineeGroups/MAT_Groups_Event.uasset" 52
"../../../Engine/Content/EditorMaterials/MatineeGroups/MAT_Groups_Event.uexp" 53
"../../../Engine/Content/EditorMaterials/MatineeGroups/MAT_Groups_Director.uasset" 54
"../../../Engine/Content/EditorMaterials/MatineeGroups/MAT_Groups_Director.uexp" 55
"../../../Engine/Content/EditorMaterials/MatineeGroups/MAT_Groups_AudioMaster.uasset" 56
"../../../Engine/Content/EditorMaterials/MatineeGroups/MAT_Groups_AudioMaster.uexp" 57
"../../../Engine/Content/EditorMaterials/MatineeGroups/MAT_Groups_Anim.uasset" 58
"../../../Engine/Content/EditorMaterials/MatineeGroups/MAT_Groups_Anim.uexp" 59
"../../../Engine/Content/EditorMaterials/MatineeGroups/MAT_ColorTrack.uasset" 60
"../../../Engine/Content/EditorMaterials/MatineeGroups/MAT_ColorTrack.uexp" 61
"../../../Engine/Content/EditorMaterials/ParticleSystems/PSysThumbnail_OOD.ubulk" 62
"../../../Engine/Content/EditorMaterials/ParticleSystems/PSysThumbnail_OOD.uasset" 63
"../../../Engine/Content/EditorMaterials/ParticleSystems/PSysThumbnail_OOD.uexp" 64
"../../../Engine/Content/EditorMaterials/ParticleSystems/PSysThumbnail_NoImage.ubulk" 65
"../../../Engine/Content/EditorMaterials/ParticleSystems/PSysThumbnail_NoImage.uasset" 66
"../../../Engine/Content/EditorMaterials/ParticleSystems/PSysThumbnail_NoImage.uexp" 67
"../../../Engine/Content/Functions/Engine_MaterialFunctions02/Utility/MakeFloat4.uasset" 68
"../../../Engine/Content/Functions/Engine_MaterialFunctions02/Utility/MakeFloat4.uexp" 69
"../../../Engine/Content/Functions/Engine_MaterialFunctions02/Utility/MakeFloat3.uasset" 70
"../../../Engine/Content/Functions/Engine_MaterialFunctions02/Utility/MakeFloat3.uexp" 71
"../../../Engine/Content/Functions/Engine_MaterialFunctions02/Utility/BreakOutFloat3Components.uasset" 72
"../../../Engine/Content/Functions/Engine_MaterialFunctions02/Utility/BreakOutFloat3Components.uexp" 73
"../../../Engine/Content/EditorMaterials/WorldPartition/WorldPartitionSpatialHashGridPreviewMaterial.uasset" 74
"../../../Engine/Content/EditorMaterials/WorldPartition/WorldPartitionSpatialHashGridPreviewMaterial.uexp" 75
"../../../Engine/Content/EditorMaterials/Camera/CineMat.uasset" 76
"../../../Engine/Content/EditorMaterials/Camera/CineMat.uexp" 77
"../../../Engine/Content/EditorMaterials/Camera/MI_CineMat_Rig.uasset" 78
"../../../Engine/Content/EditorMaterials/Camera/MI_CineMat_Rig.uexp" 79
"../../../Engine/Content/EditorMeshes/Camera/SM_RailRig_Track.ubulk" 80
"../../../Engine/Content/EditorMeshes/Camera/SM_RailRig_Track.uasset" 81
"../../../Engine/Content/EditorMeshes/Camera/SM_RailRig_Track.uexp" 82
"../../../Engine/Content/EditorMeshes/Camera/SM_RailRig_Mount.ubulk" 83
"../../../Engine/Content/EditorMeshes/Camera/SM_RailRig_Mount.uasset" 84
"../../../Engine/Content/EditorMeshes/Camera/SM_RailRig_Mount.uexp" 85
"../../../Engine/Content/EditorMeshes/Camera/SM_CraneRig_Mount.ubulk" 86
"../../../Engine/Content/EditorMeshes/Camera/SM_CraneRig_Mount.uasset" 87
"../../../Engine/Content/EditorMeshes/Camera/SM_CraneRig_Mount.uexp" 88
"../../../Engine/Content/EditorMeshes/Camera/SM_CraneRig_Body.ubulk" 89
"../../../Engine/Content/EditorMeshes/Camera/SM_CraneRig_Body.uasset" 90
"../../../Engine/Content/EditorMeshes/Camera/SM_CraneRig_Body.uexp" 91
"../../../Engine/Content/EditorMeshes/Camera/SM_CraneRig_Base.ubulk" 92
"../../../Engine/Content/EditorMeshes/Camera/SM_CraneRig_Base.uasset" 93
"../../../Engine/Content/EditorMeshes/Camera/SM_CraneRig_Base.uexp" 94
"../../../Engine/Content/EditorMeshes/Camera/SM_CraneRig_Arm.ubulk" 95
"../../../Engine/Content/EditorMeshes/Camera/SM_CraneRig_Arm.uasset" 96
"../../../Engine/Content/EditorMeshes/Camera/SM_CraneRig_Arm.uexp" 97
"../../../Engine/Content/EditorResources/S_TriggerSphere.uasset" 98
"../../../Engine/Content/EditorResources/S_TriggerSphere.uexp" 99
"../../../Engine/Content/EditorResources/S_TriggerCapsule.uasset" 100
"../../../Engine/Content/EditorResources/S_TriggerCapsule.uexp" 101
"../../../Engine/Content/EditorResources/S_TriggerBox.uasset" 102
"../../../Engine/Content/EditorResources/S_TriggerBox.uexp" 103
"../../../Engine/Content/EditorResources/S_Trigger.ubulk" 104
"../../../Engine/Content/EditorResources/S_Trigger.uasset" 105
"../../../Engine/Content/EditorResources/S_Trigger.uexp" 106
"../../../Engine/Content/EditorResources/S_Terrain.ubulk" 107
"../../../Engine/Content/EditorResources/S_Terrain.uasset" 108
"../../../Engine/Content/EditorResources/S_Terrain.uexp" 109
"../../../Engine/Content/EditorResources/S_Solver.ubulk" 110
"../../../Engine/Content/EditorResources/S_Solver.uasset" 111
"../../../Engine/Content/EditorResources/S_Solver.uexp" 112
"../../../Engine/Content/EditorResources/S_BoxReflectionCapture.uasset" 113
"../../../Engine/Content/EditorResources/S_BoxReflectionCapture.uexp" 114
"../../../Engine/Content/EditorResources/S_Actor.ubulk" 115
"../../../Engine/Content/EditorResources/S_Actor.uasset" 116
"../../../Engine/Content/EditorResources/S_Actor.uexp" 117
"../../../Engine/Content/EditorResources/EmptyActor.uasset" 118
"../../../Engine/Content/EditorResources/EmptyActor.uexp" 119
"../../../Engine/Content/EditorResources/BSPVertex.uasset" 120
"../../../Engine/Content/EditorResources/BSPVertex.uexp" 121
"../../../Engine/Content/EditorResources/SequenceRecorder/RecordingIndicator.uasset" 122
"../../../Engine/Content/EditorResources/SequenceRecorder/RecordingIndicator.uexp" 123
"../../../Engine/Content/EditorResources/SequenceRecorder/Countdown.uasset" 124
"../../../Engine/Content/EditorResources/SequenceRecorder/Countdown.uexp" 125
"../../../Engine/Content/EngineDamageTypes/DmgTypeBP_Environmental.uasset" 126
"../../../Engine/Content/EngineDamageTypes/DmgTypeBP_Environmental.uexp" 127
"../../../Engine/Content/Functions/Engine_MaterialFunctions02/Utility/CameraDirectionVector.uasset" 128
"../../../Engine/Content/Functions/Engine_MaterialFunctions02/Utility/CameraDirectionVector.uexp" 129
"../../../Engine/Content/EngineDebugMaterials/VolumeToRender.uasset" 130
"../../../Engine/Content/EngineDebugMaterials/VolumeToRender.uexp" 131
"../../../Engine/Content/EngineDebugMaterials/M_VolumeRenderSphereTracePP.uasset" 132
"../../../Engine/Content/EngineDebugMaterials/M_VolumeRenderSphereTracePP.uexp" 133
"../../../Engine/Content/EngineDebugMaterials/M_SimpleUnlitTranslucent.uasset" 134
"../../../Engine/Content/EngineDebugMaterials/M_SimpleUnlitTranslucent.uexp" 135
"../../../Engine/Content/EngineDebugMaterials/DebugMeshMaterial.uasset" 136
"../../../Engine/Content/EngineDebugMaterials/DebugMeshMaterial.uexp" 137
"../../../Engine/Content/EngineDebugMaterials/DebugEditorMaterial.uasset" 138
"../../../Engine/Content/EngineDebugMaterials/DebugEditorMaterial.uexp" 139
"../../../Engine/Content/EngineFonts/Faces/RobotoLight.uexp" 140
"../../../Engine/Content/EngineFonts/Faces/RobotoLight.uasset" 141
"../../../Engine/Content/EngineFonts/Faces/RobotoLight.ufont" 142
"../../../Engine/Content/EngineFonts/Faces/RobotoBold.uexp" 143
"../../../Engine/Content/EngineFonts/Faces/RobotoBold.uasset" 144
"../../../Engine/Content/EngineFonts/Faces/RobotoBold.ufont" 145
"../../../Engine/Content/EngineFonts/Faces/RobotoRegular.uexp" 146
"../../../Engine/Content/EngineFonts/Faces/RobotoRegular.uasset" 147
"../../../Engine/Content/EngineFonts/Faces/RobotoRegular.ufont" 148
"../../../Engine/Content/EngineFonts/Faces/DroidSansFallback.uexp" 149
"../../../Engine/Content/EngineFonts/Faces/DroidSansFallback.uasset" 150
"../../../Engine/Content/EngineFonts/Faces/DroidSansFallback.ufont" 151
"../../../Engine/Content/EngineFonts/Faces/RobotoItalic.uexp" 152
"../../../Engine/Content/EngineFonts/Faces/RobotoItalic.uasset" 153
"../../../Engine/Content/EngineFonts/Faces/RobotoItalic.ufont" 154
"../../../Engine/Content/EngineFonts/Faces/RobotoBoldItalic.uexp" 155
"../../../Engine/Content/EngineFonts/Faces/RobotoBoldItalic.uasset" 156
"../../../Engine/Content/EngineFonts/Faces/RobotoBoldItalic.ufont" 157
"../../../Engine/Content/EngineFonts/Roboto.uasset" 158
"../../../Engine/Content/EngineFonts/Roboto.uexp" 159
"../../../Engine/Content/EngineResources/WhiteSquareTexture.uasset" 160
"../../../Engine/Content/EngineResources/WhiteSquareTexture.uexp" 161
"../../../Engine/Content/EngineMaterials/Widget3DPassThrough.uasset" 162
"../../../Engine/Content/EngineMaterials/Widget3DPassThrough.uexp" 163
"../../../Engine/Content/EngineMaterials/Widget3DPassThrough_Translucent.uasset" 164
"../../../Engine/Content/EngineMaterials/Widget3DPassThrough_Translucent.uexp" 165
"../../../Engine/Content/EngineMaterials/Widget3DPassThrough_Translucent_OneSided.uasset" 166
"../../../Engine/Content/EngineMaterials/Widget3DPassThrough_Translucent_OneSided.uexp" 167
"../../../Engine/Content/EngineMaterials/Widget3DPassThrough_Opaque.uasset" 168
"../../../Engine/Content/EngineMaterials/Widget3DPassThrough_Opaque.uexp" 169
"../../../Engine/Content/EngineMaterials/Widget3DPassThrough_Opaque_OneSided.uasset" 170
"../../../Engine/Content/EngineMaterials/Widget3DPassThrough_Opaque_OneSided.uexp" 171
"../../../Engine/Content/EngineMaterials/Widget3DPassThrough_Masked_OneSided.uasset" 172
"../../../Engine/Content/EngineMaterials/Widget3DPassThrough_Masked_OneSided.uexp" 173
"../../../Engine/Content/EngineMaterials/Widget3DPassThrough_Masked.uasset" 174
"../../../Engine/Content/EngineMaterials/Widget3DPassThrough_Masked.uexp" 175
"../../../Engine/Content/EngineMaterials/WeightMapPlaceholderTexture.uasset" 176
"../../../Engine/Content/EngineMaterials/WeightMapPlaceholderTexture.uexp" 177
"../../../Engine/Content/EngineMaterials/RemoveSurfaceMaterial.uasset" 178
"../../../Engine/Content/EngineMaterials/RemoveSurfaceMaterial.uexp" 179
"../../../Engine/Content/EngineMaterials/PreintegratedSkinBRDF.uasset" 180
"../../../Engine/Content/EngineMaterials/PreintegratedSkinBRDF.uexp" 181
"../../../Engine/Content/EngineMaterials/DefaultCalibrationGrayscale.uasset" 182
"../../../Engine/Content/EngineMaterials/DefaultCalibrationGrayscale.uexp" 183
"../../../Engine/Content/EngineMaterials/PPM_DefaultCalibrationGrayscale.uasset" 184
"../../../Engine/Content/EngineMaterials/PPM_DefaultCalibrationGrayscale.uexp" 185
"../../../Engine/Content/EngineMaterials/DefaultCalibrationColor.uasset" 186
"../../../Engine/Content/EngineMaterials/DefaultCalibrationColor.uexp" 187
"../../../Engine/Content/EngineMaterials/PPM_DefaultCalibrationColor.uasset" 188
"../../../Engine/Content/EngineMaterials/PPM_DefaultCalibrationColor.uexp" 189
"../../../Engine/Content/Functions/Engine_MaterialFunctions02/WorldPositionOffset/CameraOffset.uasset" 190
"../../../Engine/Content/Functions/Engine_MaterialFunctions02/WorldPositionOffset/CameraOffset.uexp" 191
"../../../Engine/Content/EngineMaterials/PhAT_JointLimitMaterial.uasset" 192
"../../../Engine/Content/EngineMaterials/PhAT_JointLimitMaterial.uexp" 193
"../../../Engine/Content/EngineMaterials/InvalidLightmapSettings.ubulk" 194
"../../../Engine/Content/EngineMaterials/InvalidLightmapSettings.uasset" 195
"../../../Engine/Content/EngineMaterials/InvalidLightmapSettings.uexp" 196
"../../../Engine/Content/EngineMaterials/M_InvalidLightmapSettings.uasset" 197
"../../../Engine/Content/EngineMaterials/M_InvalidLightmapSettings.uexp" 198
"../../../Engine/Content/EngineMaterials/MiniFont.uasset" 199
"../../../Engine/Content/EngineMaterials/MiniFont.uexp" 200
"../../../Engine/Content/EngineMeshes/Sphere.ubulk" 201
"../../../Engine/Content/EngineMeshes/Sphere.uasset" 202
"../../../Engine/Content/EngineMeshes/Sphere.uexp" 203
"../../../Engine/Content/EngineMaterials/Good64x64TilingNoiseHighFreq.uasset" 204
"../../../Engine/Content/EngineMaterials/Good64x64TilingNoiseHighFreq.uexp" 205
"../../../Engine/Content/EngineMaterials/GizmoMaterial.uasset" 206
"../../../Engine/Content/EngineMaterials/GizmoMaterial.uexp" 207
"../../../Engine/Content/EngineMaterials/BaseFlattenEmissiveMap_VT.uasset" 208
"../../../Engine/Content/EngineMaterials/BaseFlattenEmissiveMap_VT.uexp" 209
"../../../Engine/Content/EngineMaterials/BaseFlattenGrayscaleMap_VT.uasset" 210
"../../../Engine/Content/EngineMaterials/BaseFlattenGrayscaleMap_VT.uexp" 211
"../../../Engine/Content/EngineMaterials/BaseFlattenLinearColor_VT.uasset" 212
"../../../Engine/Content/EngineMaterials/BaseFlattenLinearColor_VT.uexp" 213
"../../../Engine/Content/EngineMaterials/Black_1x1_EXR_Texture_VT.uasset" 214
"../../../Engine/Content/EngineMaterials/Black_1x1_EXR_Texture_VT.uexp" 215
"../../../Engine/Content/EngineMaterials/BaseFlattenDiffuseMap_VT.uasset" 216
"../../../Engine/Content/EngineMaterials/BaseFlattenDiffuseMap_VT.uexp" 217
"../../../Engine/Content/EngineMaterials/BaseFlattenNormalMap_VT.uasset" 218
"../../../Engine/Content/EngineMaterials/BaseFlattenNormalMap_VT.uexp" 219
"../../../Engine/Content/EngineMaterials/FlattenMaterial_WS_Normal_VT.uasset" 220
"../../../Engine/Content/EngineMaterials/FlattenMaterial_WS_Normal_VT.uexp" 221
"../../../Engine/Content/EngineMaterials/FlattenMaterial_VT.uasset" 222
"../../../Engine/Content/EngineMaterials/FlattenMaterial_VT.uexp" 223
"../../../Engine/Content/EngineMaterials/BaseFlattenNormalMap.uasset" 224
"../../../Engine/Content/EngineMaterials/BaseFlattenNormalMap.uexp" 225
"../../../Engine/Content/EngineMaterials/BaseFlattenGrayscaleMap.uasset" 226
"../../../Engine/Content/EngineMaterials/BaseFlattenGrayscaleMap.uexp" 227
"../../../Engine/Content/EngineMaterials/BaseFlattenDiffuseMap.uasset" 228
"../../../Engine/Content/EngineMaterials/BaseFlattenDiffuseMap.uexp" 229
"../../../Engine/Content/Functions/Engine_MaterialFunctions02/PivotPainter2/Black_1x1_EXR_Texture.uasset" 230
"../../../Engine/Content/Functions/Engine_MaterialFunctions02/PivotPainter2/Black_1x1_EXR_Texture.uexp" 231
"../../../Engine/Content/EngineMaterials/BaseFlattenEmissiveMap.uasset" 232
"../../../Engine/Content/EngineMaterials/BaseFlattenEmissiveMap.uexp" 233
"../../../Engine/Content/EngineMaterials/BaseFlattenLinearColor.uasset" 234
"../../../Engine/Content/EngineMaterials/BaseFlattenLinearColor.uexp" 235
"../../../Engine/Content/EngineMaterials/FlattenMaterial.uasset" 236
"../../../Engine/Content/EngineMaterials/FlattenMaterial.uexp" 237
"../../../Engine/Content/EngineMaterials/DefaultWhiteGrid_Low.uasset" 238
"../../../Engine/Content/EngineMaterials/DefaultWhiteGrid_Low.uexp" 239
"../../../Engine/Content/EngineMaterials/EmissiveMeshMaterial.uasset" 240
"../../../Engine/Content/EngineMaterials/EmissiveMeshMaterial.uexp" 241
"../../../Engine/Content/EngineMaterials/DefaultWhiteGrid.ubulk" 242
"../../../Engine/Content/EngineMaterials/DefaultWhiteGrid.uasset" 243
"../../../Engine/Content/EngineMaterials/DefaultWhiteGrid.uexp" 244
"../../../Engine/Content/EngineFonts/RobotoDistanceField.uasset" 245
"../../../Engine/Content/EngineFonts/RobotoDistanceField.uexp" 246
"../../../Engine/Content/EngineMaterials/DefaultTextMaterialOpaque.uasset" 247
"../../../Engine/Content/EngineMaterials/DefaultTextMaterialOpaque.uexp" 248
"../../../Engine/Content/EngineMaterials/DefaultDiffuse.ubulk" 249
"../../../Engine/Content/EngineMaterials/DefaultDiffuse.uasset" 250
"../../../Engine/Content/EngineMaterials/DefaultDiffuse.uexp" 251
"../../../Engine/Content/Functions/Engine_MaterialFunctions02/Utility/BreakOutFloat2Components.uasset" 252
"../../../Engine/Content/Functions/Engine_MaterialFunctions02/Utility/BreakOutFloat2Components.uexp" 253
"../../../Engine/Content/EngineMaterials/DefaultPostProcessMaterial.uasset" 254
"../../../Engine/Content/EngineMaterials/DefaultPostProcessMaterial.uexp" 255
"../../../Engine/Content/EngineMaterials/DefaultPhysicalMaterial.uasset" 256
"../../../Engine/Content/EngineMaterials/DefaultPhysicalMaterial.uexp" 257
"../../../Engine/Content/EngineMaterials/DefaultLightFunctionMaterial.uasset" 258
"../../../Engine/Content/EngineMaterials/DefaultLightFunctionMaterial.uexp" 259
"../../../Engine/Content/EngineMaterials/DefaultDestructiblePhysicalMaterial.uasset" 260
"../../../Engine/Content/EngineMaterials/DefaultDestructiblePhysicalMaterial.uexp" 261
"../../../Engine/Content/EngineMaterials/DefaultDeferredDecalMaterial.uasset" 262
"../../../Engine/Content/EngineMaterials/DefaultDeferredDecalMaterial.uexp" 263
"../../../Engine/Content/EngineMaterials/DefaultBokeh.uasset" 264
"../../../Engine/Content/EngineMaterials/DefaultBokeh.uexp" 265
"../../../Engine/Content/EngineMaterials/DefaultBloomKernel.uasset" 266
"../../../Engine/Content/EngineMaterials/DefaultBloomKernel.uexp" 267
"../../../Engine/Content/EngineMaterials/BlueNoise.uasset" 268
"../../../Engine/Content/EngineMaterials/BlueNoise.uexp" 269
"../../../Engine/Content/EngineResources/GradientTexture0.uasset" 270
"../../../Engine/Content/EngineResources/GradientTexture0.uexp" 271
"../../../Engine/Content/EngineResources/DefaultVolumeTexture2D.uasset" 272
"../../../Engine/Content/EngineResources/DefaultVolumeTexture2D.uexp" 273
"../../../Engine/Content/EngineResources/DefaultVolumeTexture.uasset" 274
"../../../Engine/Content/EngineResources/DefaultVolumeTexture.uexp" 275
"../../../Engine/Content/EngineResources/DefaultTextureCube.uasset" 276
"../../../Engine/Content/EngineResources/DefaultTextureCube.uexp" 277
"../../../Engine/Content/EngineResources/DefaultTexture.ubulk" 278
"../../../Engine/Content/EngineResources/DefaultTexture.uasset" 279
"../../../Engine/Content/EngineResources/DefaultTexture.uexp" 280
"../../../Engine/Content/EngineResources/Black.uasset" 281
"../../../Engine/Content/EngineResources/Black.uexp" 282
"../../../Engine/Content/EngineResources/FilmGrains/Marcie_Grain_v3_128_M2_000.uasset" 283
"../../../Engine/Content/EngineResources/FilmGrains/Marcie_Grain_v3_128_M2_000.uexp" 284
"../../../Engine/Content/EngineSky/T_Sky_Stars.ubulk" 285
"../../../Engine/Content/EngineSky/T_Sky_Stars.uasset" 286
"../../../Engine/Content/EngineSky/T_Sky_Stars.uexp" 287
"../../../Engine/Content/EngineSky/T_Sky_Clouds_M.ubulk" 288
"../../../Engine/Content/EngineSky/T_Sky_Clouds_M.uasset" 289
"../../../Engine/Content/EngineSky/T_Sky_Clouds_M.uexp" 290
"../../../Engine/Content/EngineSky/T_Sky_Blue.ubulk" 291
"../../../Engine/Content/EngineSky/T_Sky_Blue.uasset" 292
"../../../Engine/Content/EngineSky/T_Sky_Blue.uexp" 293
"../../../Engine/Content/EngineSky/M_Sky_Panning_Clouds2.uasset" 294
"../../../Engine/Content/EngineSky/M_Sky_Panning_Clouds2.uexp" 295
"../../../Engine/Content/EngineSky/SM_SkySphere.ubulk" 296
"../../../Engine/Content/EngineSky/SM_SkySphere.uasset" 297
"../../../Engine/Content/EngineSky/SM_SkySphere.uexp" 298
"../../../Engine/Content/EngineSky/M_SimpleSkyDome.uasset" 299
"../../../Engine/Content/EngineSky/M_SimpleSkyDome.uexp" 300
"../../../Engine/Content/EngineSky/VolumetricClouds/CloudWeatherTexture.uasset" 301
"../../../Engine/Content/EngineSky/VolumetricClouds/CloudWeatherTexture.uexp" 302
"../../../Engine/Content/Functions/Engine_MaterialFunctions02/Utility/MakeFloat2.uasset" 303
"../../../Engine/Content/Functions/Engine_MaterialFunctions02/Utility/MakeFloat2.uexp" 304
"../../../Engine/Content/EngineSky/VolumetricClouds/CloudGradientTexture.uasset" 305
"../../../Engine/Content/EngineSky/VolumetricClouds/CloudGradientTexture.uexp" 306
"../../../Engine/Content/EngineSky/VolumetricClouds/T_NoiseShape64.ubulk" 307
"../../../Engine/Content/EngineSky/VolumetricClouds/T_NoiseShape64.uasset" 308
"../../../Engine/Content/EngineSky/VolumetricClouds/T_NoiseShape64.uexp" 309
"../../../Engine/Content/EngineSky/VolumetricClouds/T_VolumeNoiseShape64.uasset" 310
"../../../Engine/Content/EngineSky/VolumetricClouds/T_VolumeNoiseShape64.uexp" 311
"../../../Engine/Content/EngineSky/VolumetricClouds/T_NoiseErosion.ubulk" 312
"../../../Engine/Content/EngineSky/VolumetricClouds/T_NoiseErosion.uasset" 313
"../../../Engine/Content/EngineSky/VolumetricClouds/T_NoiseErosion.uexp" 314
"../../../Engine/Content/EngineSky/VolumetricClouds/T_VolumeNoiseErosion32.uasset" 315
"../../../Engine/Content/EngineSky/VolumetricClouds/T_VolumeNoiseErosion32.uexp" 316
"../../../Engine/Content/EngineSky/VolumetricClouds/m_SimpleVolumetricCloud.uasset" 317
"../../../Engine/Content/EngineSky/VolumetricClouds/m_SimpleVolumetricCloud.uexp" 318
"../../../Engine/Content/EngineSky/VolumetricClouds/m_SimpleVolumetricCloud_Inst.uasset" 319
"../../../Engine/Content/EngineSky/VolumetricClouds/m_SimpleVolumetricCloud_Inst.uexp" 320
"../../../Engine/Content/EngineSounds/Master.uasset" 321
"../../../Engine/Content/EngineSounds/Master.uexp" 322
"../../../Engine/Content/Functions/Engine_MaterialFunctions01/Shading/PowerToRoughness.uasset" 323
"../../../Engine/Content/Functions/Engine_MaterialFunctions01/Shading/PowerToRoughness.uexp" 324
"../../../Engine/Content/Functions/Engine_MaterialFunctions01/Shading/ConvertFromDiffSpec.uasset" 325
"../../../Engine/Content/Functions/Engine_MaterialFunctions01/Shading/ConvertFromDiffSpec.uexp" 326
"../../../Engine/Content/Tutorial/ContentIntroCurve.uasset" 327
"../../../Engine/Content/Tutorial/ContentIntroCurve.uexp" 328
"../../../Engine/Content/VREditor/TransformGizmo/Main.uasset" 329
"../../../Engine/Content/VREditor/TransformGizmo/Main.uexp" 330
"../../../Engine/Content/VREditor/TransformGizmo/Xray.uasset" 331
"../../../Engine/Content/VREditor/TransformGizmo/Xray.uexp" 332
"../../../Engine/Content/VREditor/TransformGizmo/SM_Sequencer_Node.ubulk" 333
"../../../Engine/Content/VREditor/TransformGizmo/SM_Sequencer_Node.uasset" 334
"../../../Engine/Content/VREditor/TransformGizmo/SM_Sequencer_Node.uexp" 335
"../../../Engine/Content/VREditor/LaserPointer/VR_LaserPower_01.ubulk" 336
"../../../Engine/Content/VREditor/LaserPointer/VR_LaserPower_01.uasset" 337
"../../../Engine/Content/VREditor/LaserPointer/VR_LaserPower_01.uexp" 338
"../../../Engine/Content/VREditor/TransformGizmo/TransformGizmoMaterial.uasset" 339
"../../../Engine/Content/VREditor/TransformGizmo/TransformGizmoMaterial.uexp" 340
"../../../Engine/Content/VREditor/TransformGizmo/TranslucentTransformGizmoMaterial.uasset" 341
"../../../Engine/Content/VREditor/TransformGizmo/TranslucentTransformGizmoMaterial.uexp" 342
"../../../Engine/Content/VREditor/TransformGizmo/PlaneTranslationHandle.ubulk" 343
"../../../Engine/Content/VREditor/TransformGizmo/PlaneTranslationHandle.uasset" 344
"../../../Engine/Content/VREditor/TransformGizmo/PlaneTranslationHandle.uexp" 345
"../../../Engine/Content/VREditor/TransformGizmo/BoundingBoxEdge.ubulk" 346
"../../../Engine/Content/VREditor/TransformGizmo/BoundingBoxEdge.uasset" 347
"../../../Engine/Content/VREditor/TransformGizmo/BoundingBoxEdge.uexp" 348
"../../../Engine/Content/VREditor/TransformGizmo/BoundingBoxCorner.ubulk" 349
"../../../Engine/Content/VREditor/TransformGizmo/BoundingBoxCorner.uasset" 350
"../../../Engine/Content/VREditor/TransformGizmo/BoundingBoxCorner.uexp" 351
"../../../Engine/Plugins/2D/Paper2D/Content/PlaceholderTextures/DummySpriteTexture.ubulk" 352
"../../../Engine/Plugins/2D/Paper2D/Content/PlaceholderTextures/DummySpriteTexture.uasset" 353
"../../../Engine/Plugins/2D/Paper2D/Content/PlaceholderTextures/DummySpriteTexture.uexp" 354
"../../../Engine/Plugins/2D/Paper2D/Content/DefaultSpriteMaterial.uasset" 355
"../../../Engine/Plugins/2D/Paper2D/Content/DefaultSpriteMaterial.uexp" 356
"../../../Engine/Plugins/2D/Paper2D/Content/OpaqueUnlitSpriteMaterial.uasset" 357
"../../../Engine/Plugins/2D/Paper2D/Content/OpaqueUnlitSpriteMaterial.uexp" 358
"../../../Engine/Plugins/2D/Paper2D/Content/MaskedUnlitSpriteMaterial.uasset" 359
"../../../Engine/Plugins/2D/Paper2D/Content/MaskedUnlitSpriteMaterial.uexp" 360
"../../../Engine/Plugins/2D/Paper2D/Content/DummySprite.uasset" 361
"../../../Engine/Plugins/2D/Paper2D/Content/DummySprite.uexp" 362
"../../../Engine/Plugins/2D/Paper2D/Content/DefaultPaperTerrainMaterial.uasset" 363
"../../../Engine/Plugins/2D/Paper2D/Content/DefaultPaperTerrainMaterial.uexp" 364
"../../../Engine/Plugins/Animation/ControlRig/Content/M_Manip.uasset" 365
"../../../Engine/Plugins/Animation/ControlRig/Content/M_Manip.uexp" 366
"../../../Engine/Plugins/Animation/ControlRig/Content/Controls/ControlRig_Wedge_solid.ubulk" 367
"../../../Engine/Plugins/Animation/ControlRig/Content/Controls/ControlRig_Wedge_solid.uasset" 368
"../../../Engine/Plugins/Animation/ControlRig/Content/Controls/ControlRig_Wedge_solid.uexp" 369
"../../../Engine/Plugins/Animation/ControlRig/Content/Controls/ControlRig_Wedge_3mm.ubulk" 370
"../../../Engine/Plugins/Animation/ControlRig/Content/Controls/ControlRig_Wedge_3mm.uasset" 371
"../../../Engine/Plugins/Animation/ControlRig/Content/Controls/ControlRig_Wedge_3mm.uexp" 372
"../../../Engine/Plugins/Animation/ControlRig/Content/Controls/ControlRig_Wedge_1mm.ubulk" 373
"../../../Engine/Plugins/Animation/ControlRig/Content/Controls/ControlRig_Wedge_1mm.uasset" 374
"../../../Engine/Plugins/Animation/ControlRig/Content/Controls/ControlRig_Wedge_1mm.uexp" 375
"../../../Engine/Plugins/Animation/ControlRig/Content/Controls/ControlRig_Triangle_solid.ubulk" 376
"../../../Engine/Plugins/Animation/ControlRig/Content/Controls/ControlRig_Triangle_solid.uasset" 377
"../../../Engine/Plugins/Animation/ControlRig/Content/Controls/ControlRig_Triangle_solid.uexp" 378
"../../../Engine/Plugins/Animation/ControlRig/Content/Controls/ControlRig_Triangle_3mm.ubulk" 379
"../../../Engine/Plugins/Animation/ControlRig/Content/Controls/ControlRig_Triangle_3mm.uasset" 380
"../../../Engine/Plugins/Animation/ControlRig/Content/Controls/ControlRig_Triangle_3mm.uexp" 381
"../../../Engine/Plugins/Animation/ControlRig/Content/Controls/ControlRig_Triangle_1mm.ubulk" 382
"../../../Engine/Plugins/Animation/ControlRig/Content/Controls/ControlRig_Triangle_1mm.uasset" 383
"../../../Engine/Plugins/Animation/ControlRig/Content/Controls/ControlRig_Triangle_1mm.uexp" 384
"../../../Engine/Plugins/Animation/ControlRig/Content/Controls/ControlRig_Star4_solid.ubulk" 385
"../../../Engine/Plugins/Animation/ControlRig/Content/Controls/ControlRig_Star4_solid.uasset" 386
"../../../Engine/Plugins/Animation/ControlRig/Content/Controls/ControlRig_Star4_solid.uexp" 387
"../../../Engine/Plugins/Animation/ControlRig/Content/Controls/ControlRig_Star4_3mm.ubulk" 388
"../../../Engine/Plugins/Animation/ControlRig/Content/Controls/ControlRig_Star4_3mm.uasset" 389
"../../../Engine/Plugins/Animation/ControlRig/Content/Controls/ControlRig_Star4_3mm.uexp" 390
"../../../Engine/Plugins/Animation/ControlRig/Content/Controls/ControlRig_Star4_1mm.ubulk" 391
"../../../Engine/Plugins/Animation/ControlRig/Content/Controls/ControlRig_Star4_1mm.uasset" 392
"../../../Engine/Plugins/Animation/ControlRig/Content/Controls/ControlRig_Star4_1mm.uexp" 393
"../../../Engine/Plugins/Animation/ControlRig/Content/Controls/ControlRig_Square_solid.ubulk" 394
"../../../Engine/Plugins/Animation/ControlRig/Content/Controls/ControlRig_Square_solid.uasset" 395
"../../../Engine/Plugins/Animation/ControlRig/Content/Controls/ControlRig_Square_solid.uexp" 396
"../../../Engine/Plugins/Animation/ControlRig/Content/Controls/ControlRig_Square_3mm.ubulk" 397
"../../../Engine/Plugins/Animation/ControlRig/Content/Controls/ControlRig_Square_3mm.uasset" 398
"../../../Engine/Plugins/Animation/ControlRig/Content/Controls/ControlRig_Square_3mm.uexp" 399
"../../../Engine/Plugins/Animation/ControlRig/Content/Controls/ControlRig_Square_1mm.ubulk" 400
"../../../Engine/Plugins/Animation/ControlRig/Content/Controls/ControlRig_Square_1mm.uasset" 401
"../../../Engine/Plugins/Animation/ControlRig/Content/Controls/ControlRig_Square_1mm.uexp" 402
"../../../Engine/Plugins/Animation/ControlRig/Content/Controls/ControlRig_Sphere_solid.ubulk" 403
"../../../Engine/Plugins/Animation/ControlRig/Content/Controls/ControlRig_Sphere_solid.uasset" 404
"../../../Engine/Plugins/Animation/ControlRig/Content/Controls/ControlRig_Sphere_solid.uexp" 405
"../../../Engine/Plugins/Animation/ControlRig/Content/Controls/ControlRig_Sphere_3mm.ubulk" 406
"../../../Engine/Plugins/Animation/ControlRig/Content/Controls/ControlRig_Sphere_3mm.uasset" 407
"../../../Engine/Plugins/Animation/ControlRig/Content/Controls/ControlRig_Sphere_3mm.uexp" 408
"../../../Engine/Plugins/Editor/SpeedTreeImporter/Content/SpeedTree9/game_wind_noise.ubulk" 409
"../../../Engine/Plugins/Editor/SpeedTreeImporter/Content/SpeedTree9/game_wind_noise.uasset" 410
"../../../Engine/Plugins/Editor/SpeedTreeImporter/Content/SpeedTree9/game_wind_noise.uexp" 411
"../../../Engine/Plugins/Editor/SpeedTreeImporter/Content/SpeedTree9/UnpackDirection.uasset" 412
"../../../Engine/Plugins/Editor/SpeedTreeImporter/Content/SpeedTree9/UnpackDirection.uexp" 413
"../../../Engine/Content/Functions/Engine_MaterialFunctions02/ObjectLocalBounds.uasset" 414
"../../../Engine/Content/Functions/Engine_MaterialFunctions02/ObjectLocalBounds.uexp" 415
"../../../Engine/Content/Functions/Engine_MaterialFunctions02/UVs/BoundingBoxBased_0-1_UVW.uasset" 416
"../../../Engine/Content/Functions/Engine_MaterialFunctions02/UVs/BoundingBoxBased_0-1_UVW.uexp" 417
"../../../Engine/Content/Functions/Engine_MaterialFunctions02/Utility/VectorLength.uasset" 418
"../../../Engine/Content/Functions/Engine_MaterialFunctions02/Utility/VectorLength.uexp" 419
"../../../Engine/Plugins/Editor/SpeedTreeImporter/Content/SpeedTree9/UnpackInteger3.uasset" 420
"../../../Engine/Plugins/Editor/SpeedTreeImporter/Content/SpeedTree9/UnpackInteger3.uexp" 421
"../../../Engine/Plugins/Editor/SpeedTreeImporter/Content/SpeedTree9/SpeedTreeCameraFacing.uasset" 422
"../../../Engine/Plugins/Editor/SpeedTreeImporter/Content/SpeedTree9/SpeedTreeCameraFacing.uexp" 423
"../../../Engine/Content/Functions/Engine_MaterialFunctions02/WorldPositionOffset/ObjectScale.uasset" 424
"../../../Engine/Content/Functions/Engine_MaterialFunctions02/WorldPositionOffset/ObjectScale.uexp" 425
"../../../Engine/Content/Functions/Engine_MaterialFunctions02/SafeNormalize.uasset" 426
"../../../Engine/Content/Functions/Engine_MaterialFunctions02/SafeNormalize.uexp" 427
"../../../Engine/Plugins/Editor/SpeedTreeImporter/Content/SpeedTree9/SpeedTreeWindMotion.uasset" 428
"../../../Engine/Plugins/Editor/SpeedTreeImporter/Content/SpeedTree9/SpeedTreeWindMotion.uexp" 429
"../../../Engine/Plugins/Editor/SpeedTreeImporter/Content/SpeedTree9/SpeedTreeBranchMotion.uasset" 430
"../../../Engine/Plugins/Editor/SpeedTreeImporter/Content/SpeedTree9/SpeedTreeBranchMotion.uexp" 431
"../../../Engine/Plugins/Editor/SpeedTreeImporter/Content/SpeedTree9/SpeedTreeWind.uasset" 432
"../../../Engine/Plugins/Editor/SpeedTreeImporter/Content/SpeedTree9/SpeedTreeWind.uexp" 433
"../../../Engine/Plugins/Editor/SpeedTreeImporter/Content/SpeedTree9/EmptyNormal.uasset" 434
"../../../Engine/Plugins/Editor/SpeedTreeImporter/Content/SpeedTree9/EmptyNormal.uexp" 435
"../../../Engine/Plugins/Editor/SpeedTreeImporter/Content/SpeedTree9/Empty.uasset" 436
"../../../Engine/Plugins/Editor/SpeedTreeImporter/Content/SpeedTree9/Empty.uexp" 437
"../../../Engine/Plugins/Editor/SpeedTreeImporter/Content/SpeedTree9/SpeedTreeMaster.uasset" 438
"../../../Engine/Plugins/Editor/SpeedTreeImporter/Content/SpeedTree9/SpeedTreeMaster.uexp" 439
"../../../Engine/Plugins/Editor/SpeedTreeImporter/Content/SpeedTree9/SpeedTreeBillboard.uasset" 440
"../../../Engine/Plugins/Editor/SpeedTreeImporter/Content/SpeedTree9/SpeedTreeBillboard.uexp" 441
"../../../Engine/Plugins/Editor/SpeedTreeImporter/Content/SpeedTree9/SpeedTreeBillboardMaster.uasset" 442
"../../../Engine/Plugins/Editor/SpeedTreeImporter/Content/SpeedTree9/SpeedTreeBillboardMaster.uexp" 443
"../../../Engine/Plugins/Animation/ControlRig/Content/Controls/ControlRig_Sphere_1mm.ubulk" 444
"../../../Engine/Plugins/Animation/ControlRig/Content/Controls/ControlRig_Sphere_1mm.uasset" 445
"../../../Engine/Plugins/Animation/ControlRig/Content/Controls/ControlRig_Sphere_1mm.uexp" 446
"../../../Engine/Plugins/Animation/ControlRig/Content/Controls/ControlRig_RoundedTriangle_solid.ubulk" 447
"../../../Engine/Plugins/Animation/ControlRig/Content/Controls/ControlRig_RoundedTriangle_solid.uasset" 448
"../../../Engine/Plugins/Animation/ControlRig/Content/Controls/ControlRig_RoundedTriangle_solid.uexp" 449
"../../../Engine/Plugins/Animation/ControlRig/Content/Controls/ControlRig_RoundedTriangle_3mm.ubulk" 450
"../../../Engine/Plugins/Animation/ControlRig/Content/Controls/ControlRig_RoundedTriangle_3mm.uasset" 451
"../../../Engine/Plugins/Animation/ControlRig/Content/Controls/ControlRig_RoundedTriangle_3mm.uexp" 452
"../../../Engine/Plugins/Animation/ControlRig/Content/Controls/ControlRig_RoundedTriangle_1mm.ubulk" 453
"../../../Engine/Plugins/Animation/ControlRig/Content/Controls/ControlRig_RoundedTriangle_1mm.uasset" 454
"../../../Engine/Plugins/Animation/ControlRig/Content/Controls/ControlRig_RoundedTriangle_1mm.uexp" 455
"../../../Engine/Plugins/Animation/ControlRig/Content/Controls/ControlRig_RoundedSquare_solid.ubulk" 456
"../../../Engine/Plugins/Animation/ControlRig/Content/Controls/ControlRig_RoundedSquare_solid.uasset" 457
"../../../Engine/Plugins/Animation/ControlRig/Content/Controls/ControlRig_RoundedSquare_solid.uexp" 458
"../../../Engine/Plugins/Animation/ControlRig/Content/Controls/ControlRig_RoundedSquare_3mm.ubulk" 459
"../../../Engine/Plugins/Animation/ControlRig/Content/Controls/ControlRig_RoundedSquare_3mm.uasset" 460
"../../../Engine/Plugins/Animation/ControlRig/Content/Controls/ControlRig_RoundedSquare_3mm.uexp" 461
"../../../Engine/Plugins/Animation/ControlRig/Content/Controls/ControlRig_RoundedSquare_1mm.ubulk" 462
"../../../Engine/Plugins/Animation/ControlRig/Content/Controls/ControlRig_RoundedSquare_1mm.uasset" 463
"../../../Engine/Plugins/Animation/ControlRig/Content/Controls/ControlRig_RoundedSquare_1mm.uexp" 464
"../../../Engine/Plugins/Animation/ControlRig/Content/Controls/ControlRig_QuarterCircle_solid.ubulk" 465
"../../../Engine/Plugins/Animation/ControlRig/Content/Controls/ControlRig_QuarterCircle_solid.uasset" 466
"../../../Engine/Plugins/Animation/ControlRig/Content/Controls/ControlRig_QuarterCircle_solid.uexp" 467
"../../../Engine/Plugins/Animation/ControlRig/Content/Controls/ControlRig_QuarterCircle_3mm.ubulk" 468
"../../../Engine/Plugins/Animation/ControlRig/Content/Controls/ControlRig_QuarterCircle_3mm.uasset" 469
"../../../Engine/Plugins/Animation/ControlRig/Content/Controls/ControlRig_QuarterCircle_3mm.uexp" 470
"../../../Engine/Plugins/Animation/ControlRig/Content/Controls/ControlRig_QuarterCircle_1mm.ubulk" 471
"../../../Engine/Plugins/Animation/ControlRig/Content/Controls/ControlRig_QuarterCircle_1mm.uasset" 472
"../../../Engine/Plugins/Animation/ControlRig/Content/Controls/ControlRig_QuarterCircle_1mm.uexp" 473
"../../../Engine/Plugins/Animation/ControlRig/Content/Controls/ControlRig_Pyramid_solid.ubulk" 474
"../../../Engine/Plugins/Animation/ControlRig/Content/Controls/ControlRig_Pyramid_solid.uasset" 475
"../../../Engine/Plugins/Animation/ControlRig/Content/Controls/ControlRig_Pyramid_solid.uexp" 476
"../../../Engine/Plugins/Animation/ControlRig/Content/Controls/ControlRig_Pyramid_3mm.ubulk" 477
"../../../Engine/Plugins/Animation/ControlRig/Content/Controls/ControlRig_Pyramid_3mm.uasset" 478
"../../../Engine/Plugins/Animation/ControlRig/Content/Controls/ControlRig_Pyramid_3mm.uexp" 479
"../../../Engine/Plugins/Animation/ControlRig/Content/Controls/ControlRig_Pyramid_1mm.ubulk" 480
"../../../Engine/Plugins/Animation/ControlRig/Content/Controls/ControlRig_Pyramid_1mm.uasset" 481
"../../../Engine/Plugins/Animation/ControlRig/Content/Controls/ControlRig_Pyramid_1mm.uexp" 482
"../../../Engine/Plugins/Animation/ControlRig/Content/Controls/ControlRig_Octagon_solid.ubulk" 483
"../../../Engine/Plugins/Animation/ControlRig/Content/Controls/ControlRig_Octagon_solid.uasset" 484
"../../../Engine/Plugins/Animation/ControlRig/Content/Controls/ControlRig_Octagon_solid.uexp" 485
"../../../Engine/Plugins/Animation/ControlRig/Content/Controls/ControlRig_Octagon_3mm.ubulk" 486
"../../../Engine/Plugins/Animation/ControlRig/Content/Controls/ControlRig_Octagon_3mm.uasset" 487
"../../../Engine/Plugins/Animation/ControlRig/Content/Controls/ControlRig_Octagon_3mm.uexp" 488
"../../../Engine/Plugins/Animation/ControlRig/Content/Controls/ControlRig_Octagon_1mm.ubulk" 489
"../../../Engine/Plugins/Animation/ControlRig/Content/Controls/ControlRig_Octagon_1mm.uasset" 490
"../../../Engine/Plugins/Animation/ControlRig/Content/Controls/ControlRig_Octagon_1mm.uexp" 491
"../../../Engine/Plugins/Animation/ControlRig/Content/Controls/ControlRig_Hexagon_solid.ubulk" 492
"../../../Engine/Plugins/Animation/ControlRig/Content/Controls/ControlRig_Hexagon_solid.uasset" 493
"../../../Engine/Plugins/Animation/ControlRig/Content/Controls/ControlRig_Hexagon_solid.uexp" 494
"../../../Engine/Plugins/Animation/ControlRig/Content/Controls/ControlRig_Hexagon_3mm.ubulk" 495
"../../../Engine/Plugins/Animation/ControlRig/Content/Controls/ControlRig_Hexagon_3mm.uasset" 496
"../../../Engine/Plugins/Animation/ControlRig/Content/Controls/ControlRig_Hexagon_3mm.uexp" 497
"../../../Engine/Plugins/Animation/ControlRig/Content/Controls/ControlRig_Hexagon_1mm.ubulk" 498
"../../../Engine/Plugins/Animation/ControlRig/Content/Controls/ControlRig_Hexagon_1mm.uasset" 499
"../../../Engine/Plugins/Animation/ControlRig/Content/Controls/ControlRig_Hexagon_1mm.uexp" 500
"../../../Engine/Plugins/Animation/ControlRig/Content/Controls/ControlRig_HalfCircle_solid.ubulk" 501
"../../../Engine/Plugins/Animation/ControlRig/Content/Controls/ControlRig_HalfCircle_solid.uasset" 502
"../../../Engine/Plugins/Animation/ControlRig/Content/Controls/ControlRig_HalfCircle_solid.uexp" 503
"../../../Engine/Plugins/Animation/ControlRig/Content/Controls/ControlRig_HalfCircle_3mm.ubulk" 504
"../../../Engine/Plugins/Animation/ControlRig/Content/Controls/ControlRig_HalfCircle_3mm.uasset" 505
"../../../Engine/Plugins/Animation/ControlRig/Content/Controls/ControlRig_HalfCircle_3mm.uexp" 506
"../../../Engine/Plugins/Animation/ControlRig/Content/Controls/ControlRig_HalfCircle_1mm.ubulk" 507
"../../../Engine/Plugins/Animation/ControlRig/Content/Controls/ControlRig_HalfCircle_1mm.uasset" 508
"../../../Engine/Plugins/Animation/ControlRig/Content/Controls/ControlRig_HalfCircle_1mm.uexp" 509
"../../../Engine/Plugins/Animation/ControlRig/Content/Controls/ControlRig_Diamond_solid.ubulk" 510
"../../../Engine/Plugins/Animation/ControlRig/Content/Controls/ControlRig_Diamond_solid.uasset" 511
"../../../Engine/Plugins/Animation/ControlRig/Content/Controls/ControlRig_Diamond_solid.uexp" 512
"../../../Engine/Plugins/Animation/ControlRig/Content/Controls/ControlRig_Diamond_3mm.ubulk" 513
"../../../Engine/Plugins/Animation/ControlRig/Content/Controls/ControlRig_Diamond_3mm.uasset" 514
"../../../Engine/Plugins/Animation/ControlRig/Content/Controls/ControlRig_Diamond_3mm.uexp" 515
"../../../Engine/Plugins/Animation/ControlRig/Content/Controls/ControlRig_Diamond_1mm.ubulk" 516
"../../../Engine/Plugins/Animation/ControlRig/Content/Controls/ControlRig_Diamond_1mm.uasset" 517
"../../../Engine/Plugins/Animation/ControlRig/Content/Controls/ControlRig_Diamond_1mm.uexp" 518
"../../../Engine/Plugins/Animation/ControlRig/Content/Controls/ControlRig_Circle_solid.ubulk" 519
"../../../Engine/Plugins/Animation/ControlRig/Content/Controls/ControlRig_Circle_solid.uasset" 520
"../../../Engine/Plugins/Animation/ControlRig/Content/Controls/ControlRig_Circle_solid.uexp" 521
"../../../Engine/Plugins/Animation/ControlRig/Content/Controls/ControlRig_Circle_3mm.ubulk" 522
"../../../Engine/Plugins/Animation/ControlRig/Content/Controls/ControlRig_Circle_3mm.uasset" 523
"../../../Engine/Plugins/Animation/ControlRig/Content/Controls/ControlRig_Circle_3mm.uexp" 524
"../../../Engine/Plugins/Animation/ControlRig/Content/Controls/ControlRig_Circle_1mm.ubulk" 525
"../../../Engine/Plugins/Animation/ControlRig/Content/Controls/ControlRig_Circle_1mm.uasset" 526
"../../../Engine/Plugins/Animation/ControlRig/Content/Controls/ControlRig_Circle_1mm.uexp" 527
"../../../Engine/Plugins/Animation/ControlRig/Content/Controls/ControlRig_Box_solid.ubulk" 528
"../../../Engine/Plugins/Animation/ControlRig/Content/Controls/ControlRig_Box_solid.uasset" 529
"../../../Engine/Plugins/Animation/ControlRig/Content/Controls/ControlRig_Box_solid.uexp" 530
"../../../Engine/Plugins/Animation/ControlRig/Content/Controls/ControlRig_Box_3mm.ubulk" 531
"../../../Engine/Plugins/Animation/ControlRig/Content/Controls/ControlRig_Box_3mm.uasset" 532
"../../../Engine/Plugins/Animation/ControlRig/Content/Controls/ControlRig_Box_3mm.uexp" 533
"../../../Engine/Plugins/Animation/ControlRig/Content/Controls/ControlRig_Box_1mm.ubulk" 534
"../../../Engine/Plugins/Animation/ControlRig/Content/Controls/ControlRig_Box_1mm.uasset" 535
"../../../Engine/Plugins/Animation/ControlRig/Content/Controls/ControlRig_Box_1mm.uexp" 536
"../../../Engine/Plugins/Animation/ControlRig/Content/Controls/ControlRig_Arrow_solid.ubulk" 537
"../../../Engine/Plugins/Animation/ControlRig/Content/Controls/ControlRig_Arrow_solid.uasset" 538
"../../../Engine/Plugins/Animation/ControlRig/Content/Controls/ControlRig_Arrow_solid.uexp" 539
"../../../Engine/Plugins/Animation/ControlRig/Content/Controls/ControlRig_Arrow_3mm.ubulk" 540
"../../../Engine/Plugins/Animation/ControlRig/Content/Controls/ControlRig_Arrow_3mm.uasset" 541
"../../../Engine/Plugins/Animation/ControlRig/Content/Controls/ControlRig_Arrow_3mm.uexp" 542
"../../../Engine/Plugins/Animation/ControlRig/Content/Controls/ControlRig_Arrow_1mm.ubulk" 543
"../../../Engine/Plugins/Animation/ControlRig/Content/Controls/ControlRig_Arrow_1mm.uasset" 544
"../../../Engine/Plugins/Animation/ControlRig/Content/Controls/ControlRig_Arrow_1mm.uexp" 545
"../../../Engine/Plugins/Animation/ControlRig/Content/Controls/ControlRig_Arrow4_solid.ubulk" 546
"../../../Engine/Plugins/Animation/ControlRig/Content/Controls/ControlRig_Arrow4_solid.uasset" 547
"../../../Engine/Plugins/Animation/ControlRig/Content/Controls/ControlRig_Arrow4_solid.uexp" 548
"../../../Engine/Plugins/Animation/ControlRig/Content/Controls/ControlRig_Arrow4_3mm.ubulk" 549
"../../../Engine/Plugins/Animation/ControlRig/Content/Controls/ControlRig_Arrow4_3mm.uasset" 550
"../../../Engine/Plugins/Animation/ControlRig/Content/Controls/ControlRig_Arrow4_3mm.uexp" 551
"../../../Engine/Plugins/Animation/ControlRig/Content/Controls/ControlRig_Arrow4_1mm.ubulk" 552
"../../../Engine/Plugins/Animation/ControlRig/Content/Controls/ControlRig_Arrow4_1mm.uasset" 553
"../../../Engine/Plugins/Animation/ControlRig/Content/Controls/ControlRig_Arrow4_1mm.uexp" 554
"../../../Engine/Plugins/Animation/ControlRig/Content/Controls/ControlRig_Arrow2_solid.ubulk" 555
"../../../Engine/Plugins/Animation/ControlRig/Content/Controls/ControlRig_Arrow2_solid.uasset" 556
"../../../Engine/Plugins/Animation/ControlRig/Content/Controls/ControlRig_Arrow2_solid.uexp" 557
"../../../Engine/Plugins/Animation/ControlRig/Content/Controls/ControlRig_Arrow2_3mm.ubulk" 558
"../../../Engine/Plugins/Animation/ControlRig/Content/Controls/ControlRig_Arrow2_3mm.uasset" 559
"../../../Engine/Plugins/Animation/ControlRig/Content/Controls/ControlRig_Arrow2_3mm.uexp" 560
"../../../Engine/Plugins/Animation/ControlRig/Content/Controls/ControlRig_Arrow2_1mm.ubulk" 561
"../../../Engine/Plugins/Animation/ControlRig/Content/Controls/ControlRig_Arrow2_1mm.uasset" 562
"../../../Engine/Plugins/Animation/ControlRig/Content/Controls/ControlRig_Arrow2_1mm.uexp" 563
"../../../Engine/Plugins/Animation/ControlRig/Content/Controls/ControlRigGizmoMaterial.uasset" 564
"../../../Engine/Plugins/Animation/ControlRig/Content/Controls/ControlRigGizmoMaterial.uexp" 565
"../../../Engine/Plugins/Runtime/HairStrands/Content/Materials/HairMeshesDefaultMaterial.uasset" 566
"../../../Engine/Plugins/Runtime/HairStrands/Content/Materials/HairMeshesDefaultMaterial.uexp" 567
"../../../Engine/Plugins/Runtime/HairStrands/Content/Materials/HairDefaultMaterial.uasset" 568
"../../../Engine/Plugins/Runtime/HairStrands/Content/Materials/HairDefaultMaterial.uexp" 569
"../../../Engine/Plugins/Runtime/HairStrands/Content/Materials/HairGroupColors.uasset" 570
"../../../Engine/Plugins/Runtime/HairStrands/Content/Materials/HairGroupColors.uexp" 571
"../../../Engine/Content/EngineMaterials/HairColorMap.uasset" 572
"../../../Engine/Content/EngineMaterials/HairColorMap.uexp" 573
"../../../Engine/Content/EngineMaterials/HairDebugColor.uasset" 574
"../../../Engine/Content/EngineMaterials/HairDebugColor.uexp" 575
"../../../Engine/Plugins/Runtime/HairStrands/Content/Materials/HairDebugMaterial.uasset" 576
"../../../Engine/Plugins/Runtime/HairStrands/Content/Materials/HairDebugMaterial.uexp" 577
"../../../Engine/Plugins/Runtime/HairStrands/Content/Materials/HairCardsDefaultMaterial.uasset" 578
"../../../Engine/Plugins/Runtime/HairStrands/Content/Materials/HairCardsDefaultMaterial.uexp" 579
"D:/Unreal Projects/EndlessRunner/Content/Characters/Mannequins/Meshes/SKM_Quinn_Physics.uasset" 580
"D:/Unreal Projects/EndlessRunner/Content/Characters/Mannequins/Meshes/SKM_Quinn_Physics.uexp" 581
"D:/Unreal Projects/EndlessRunner/Content/Characters/Mannequins/Meshes/SK_Mannequin.uasset" 582
"D:/Unreal Projects/EndlessRunner/Content/Characters/Mannequins/Meshes/SK_Mannequin.uexp" 583
"../../../Engine/Content/Animation/DefaultAnimCurveCompressionSettings.uasset" 584
"../../../Engine/Content/Animation/DefaultAnimCurveCompressionSettings.uexp" 585
"../../../Engine/Content/Animation/DefaultAnimBoneCompressionSettings.uasset" 586
"../../../Engine/Content/Animation/DefaultAnimBoneCompressionSettings.uexp" 587
"D:/Unreal Projects/EndlessRunner/Content/Characters/Mannequins/Rigs/Poses/Quinn/Quinn_foot_l_anim.uasset" 588
"D:/Unreal Projects/EndlessRunner/Content/Characters/Mannequins/Rigs/Poses/Quinn/Quinn_foot_l_anim.uexp" 589
"D:/Unreal Projects/EndlessRunner/Content/Characters/Mannequins/Rigs/Poses/Quinn/Quinn_foot_l_pose.uasset" 590
"D:/Unreal Projects/EndlessRunner/Content/Characters/Mannequins/Rigs/Poses/Quinn/Quinn_foot_l_pose.uexp" 591
"D:/Unreal Projects/EndlessRunner/Content/Characters/Mannequins/Rigs/Poses/Quinn/Quinn_clavicle_l_anim.uasset" 592
"D:/Unreal Projects/EndlessRunner/Content/Characters/Mannequins/Rigs/Poses/Quinn/Quinn_clavicle_l_anim.uexp" 593
"D:/Unreal Projects/EndlessRunner/Content/Characters/Mannequins/Rigs/Poses/Quinn/Quinn_clavicle_l_pose.uasset" 594
"D:/Unreal Projects/EndlessRunner/Content/Characters/Mannequins/Rigs/Poses/Quinn/Quinn_clavicle_l_pose.uexp" 595
"D:/Unreal Projects/EndlessRunner/Content/Characters/Mannequins/Rigs/Poses/Quinn/Quinn_clavicle_r_anim.uasset" 596
"D:/Unreal Projects/EndlessRunner/Content/Characters/Mannequins/Rigs/Poses/Quinn/Quinn_clavicle_r_anim.uexp" 597
"D:/Unreal Projects/EndlessRunner/Content/Characters/Mannequins/Rigs/Poses/Quinn/Quinn_clavicle_r_pose.uasset" 598
"D:/Unreal Projects/EndlessRunner/Content/Characters/Mannequins/Rigs/Poses/Quinn/Quinn_clavicle_r_pose.uexp" 599
"D:/Unreal Projects/EndlessRunner/Content/Characters/Mannequins/Rigs/Poses/Quinn/Quinn_upperarm_l_anim.uasset" 600
"D:/Unreal Projects/EndlessRunner/Content/Characters/Mannequins/Rigs/Poses/Quinn/Quinn_upperarm_l_anim.uexp" 601
"D:/Unreal Projects/EndlessRunner/Content/Characters/Mannequins/Rigs/Poses/Quinn/Quinn_upperarm_l_pose.uasset" 602
"D:/Unreal Projects/EndlessRunner/Content/Characters/Mannequins/Rigs/Poses/Quinn/Quinn_upperarm_l_pose.uexp" 603
"D:/Unreal Projects/EndlessRunner/Content/Characters/Mannequins/Rigs/Poses/Quinn/Quinn_lowerarm_l_anim.uasset" 604
"D:/Unreal Projects/EndlessRunner/Content/Characters/Mannequins/Rigs/Poses/Quinn/Quinn_lowerarm_l_anim.uexp" 605
"D:/Unreal Projects/EndlessRunner/Content/Characters/Mannequins/Rigs/Poses/Quinn/Quinn_lowerarm_l_pose.uasset" 606
"D:/Unreal Projects/EndlessRunner/Content/Characters/Mannequins/Rigs/Poses/Quinn/Quinn_lowerarm_l_pose.uexp" 607
"D:/Unreal Projects/EndlessRunner/Content/Characters/Mannequins/Rigs/Poses/Quinn/Quinn_calf_l_anim.uasset" 608
"D:/Unreal Projects/EndlessRunner/Content/Characters/Mannequins/Rigs/Poses/Quinn/Quinn_calf_l_anim.uexp" 609
"D:/Unreal Projects/EndlessRunner/Content/Characters/Mannequins/Rigs/Poses/Quinn/Quinn_calf_l_pose.uasset" 610
"D:/Unreal Projects/EndlessRunner/Content/Characters/Mannequins/Rigs/Poses/Quinn/Quinn_calf_l_pose.uexp" 611
"../../../Engine/Plugins/Animation/ControlRig/Content/Controls/DefaultGizmoLibrary.uasset" 612
"../../../Engine/Plugins/Animation/ControlRig/Content/Controls/DefaultGizmoLibrary.uexp" 613
"D:/Unreal Projects/EndlessRunner/Content/Characters/Mannequins/Rigs/CR_Mannequin_Procedural.uasset" 614
"D:/Unreal Projects/EndlessRunner/Content/Characters/Mannequins/Rigs/CR_Mannequin_Procedural.uexp" 615
"D:/Unreal Projects/EndlessRunner/Content/Characters/Mannequins/Rigs/Poses/Quinn/Quinn_upperarm_r_anim.uasset" 616
"D:/Unreal Projects/EndlessRunner/Content/Characters/Mannequins/Rigs/Poses/Quinn/Quinn_upperarm_r_anim.uexp" 617
"D:/Unreal Projects/EndlessRunner/Content/Characters/Mannequins/Rigs/Poses/Quinn/Quinn_upperarm_r_pose.uasset" 618
"D:/Unreal Projects/EndlessRunner/Content/Characters/Mannequins/Rigs/Poses/Quinn/Quinn_upperarm_r_pose.uexp" 619
"D:/Unreal Projects/EndlessRunner/Content/Characters/Mannequins/Rigs/Poses/Quinn/Quinn_calf_r_anim.uasset" 620
"D:/Unreal Projects/EndlessRunner/Content/Characters/Mannequins/Rigs/Poses/Quinn/Quinn_calf_r_anim.uexp" 621
"D:/Unreal Projects/EndlessRunner/Content/Characters/Mannequins/Rigs/Poses/Quinn/Quinn_calf_r_pose.uasset" 622
"D:/Unreal Projects/EndlessRunner/Content/Characters/Mannequins/Rigs/Poses/Quinn/Quinn_calf_r_pose.uexp" 623
"D:/Unreal Projects/EndlessRunner/Content/Characters/Mannequins/Rigs/Poses/Quinn/Quinn_foot_r_anim.uasset" 624
"D:/Unreal Projects/EndlessRunner/Content/Characters/Mannequins/Rigs/Poses/Quinn/Quinn_foot_r_anim.uexp" 625
"D:/Unreal Projects/EndlessRunner/Content/Characters/Mannequins/Rigs/Poses/Quinn/Quinn_foot_r_pose.uasset" 626
"D:/Unreal Projects/EndlessRunner/Content/Characters/Mannequins/Rigs/Poses/Quinn/Quinn_foot_r_pose.uexp" 627
"D:/Unreal Projects/EndlessRunner/Content/Characters/Mannequins/Rigs/Poses/Quinn/Quinn_lowerarm_r_anim.uasset" 628
"D:/Unreal Projects/EndlessRunner/Content/Characters/Mannequins/Rigs/Poses/Quinn/Quinn_lowerarm_r_anim.uexp" 629
"D:/Unreal Projects/EndlessRunner/Content/Characters/Mannequins/Rigs/Poses/Quinn/Quinn_lowerarm_r_pose.uasset" 630
"D:/Unreal Projects/EndlessRunner/Content/Characters/Mannequins/Rigs/Poses/Quinn/Quinn_lowerarm_r_pose.uexp" 631
"D:/Unreal Projects/EndlessRunner/Content/Characters/Mannequins/Rigs/Poses/Quinn/Quinn_thigh_l_anim.uasset" 632
"D:/Unreal Projects/EndlessRunner/Content/Characters/Mannequins/Rigs/Poses/Quinn/Quinn_thigh_l_anim.uexp" 633
"D:/Unreal Projects/EndlessRunner/Content/Characters/Mannequins/Rigs/Poses/Quinn/Quinn_thigh_l_pose.uasset" 634
"D:/Unreal Projects/EndlessRunner/Content/Characters/Mannequins/Rigs/Poses/Quinn/Quinn_thigh_l_pose.uexp" 635
"D:/Unreal Projects/EndlessRunner/Content/Characters/Mannequins/Rigs/Poses/Quinn/Quinn_thigh_r_anim.uasset" 636
"D:/Unreal Projects/EndlessRunner/Content/Characters/Mannequins/Rigs/Poses/Quinn/Quinn_thigh_r_anim.uexp" 637
"D:/Unreal Projects/EndlessRunner/Content/Characters/Mannequins/Rigs/Poses/Quinn/Quinn_thigh_r_pose.uasset" 638
"D:/Unreal Projects/EndlessRunner/Content/Characters/Mannequins/Rigs/Poses/Quinn/Quinn_thigh_r_pose.uexp" 639
"D:/Unreal Projects/EndlessRunner/Content/Characters/Mannequins/Rigs/Poses/Quinn/Quinn_hand_l_anim.uasset" 640
"D:/Unreal Projects/EndlessRunner/Content/Characters/Mannequins/Rigs/Poses/Quinn/Quinn_hand_l_anim.uexp" 641
"D:/Unreal Projects/EndlessRunner/Content/Characters/Mannequins/Rigs/Poses/Quinn/Quinn_hand_l_pose.uasset" 642
"D:/Unreal Projects/EndlessRunner/Content/Characters/Mannequins/Rigs/Poses/Quinn/Quinn_hand_l_pose.uexp" 643
"D:/Unreal Projects/EndlessRunner/Content/Characters/Mannequins/Rigs/Poses/Quinn/Quinn_hand_r_anim.uasset" 644
"D:/Unreal Projects/EndlessRunner/Content/Characters/Mannequins/Rigs/Poses/Quinn/Quinn_hand_r_anim.uexp" 645
"D:/Unreal Projects/EndlessRunner/Content/Characters/Mannequins/Rigs/Poses/Quinn/Quinn_hand_r_pose.uasset" 646
"D:/Unreal Projects/EndlessRunner/Content/Characters/Mannequins/Rigs/Poses/Quinn/Quinn_hand_r_pose.uexp" 647
"D:/Unreal Projects/EndlessRunner/Content/Characters/Mannequins/Rigs/ABP_Quinn_PostProcess.uasset" 648
"D:/Unreal Projects/EndlessRunner/Content/Characters/Mannequins/Rigs/ABP_Quinn_PostProcess.uexp" 649
"D:/Unreal Projects/EndlessRunner/Content/Characters/Mannequins/Textures/Quinn/T_Quinn_02ID_MSR_MSK.ubulk" 650
"D:/Unreal Projects/EndlessRunner/Content/Characters/Mannequins/Textures/Quinn/T_Quinn_02ID_MSR_MSK.uasset" 651
"D:/Unreal Projects/EndlessRunner/Content/Characters/Mannequins/Textures/Quinn/T_Quinn_02ID_MSR_MSK.uexp" 652
"D:/Unreal Projects/EndlessRunner/Content/Characters/Mannequins/Textures/Quinn/T_Quinn_02ID_BN.ubulk" 653
"D:/Unreal Projects/EndlessRunner/Content/Characters/Mannequins/Textures/Quinn/T_Quinn_02ID_BN.uasset" 654
"D:/Unreal Projects/EndlessRunner/Content/Characters/Mannequins/Textures/Quinn/T_Quinn_02ID_BN.uexp" 655
"D:/Unreal Projects/EndlessRunner/Content/Characters/Mannequins/Textures/Quinn/T_Quinn_02_ASAOMASK_MSK.ubulk" 656
"D:/Unreal Projects/EndlessRunner/Content/Characters/Mannequins/Textures/Quinn/T_Quinn_02_ASAOMASK_MSK.uasset" 657
"D:/Unreal Projects/EndlessRunner/Content/Characters/Mannequins/Textures/Quinn/T_Quinn_02_ASAOMASK_MSK.uexp" 658
"D:/Unreal Projects/EndlessRunner/Content/Characters/Mannequins/Textures/Quinn/T_Quinn_02_CCRCCPlastic_MSK.ubulk" 659
"D:/Unreal Projects/EndlessRunner/Content/Characters/Mannequins/Textures/Quinn/T_Quinn_02_CCRCCPlastic_MSK.uasset" 660
"D:/Unreal Projects/EndlessRunner/Content/Characters/Mannequins/Textures/Quinn/T_Quinn_02_CCRCCPlastic_MSK.uexp" 661
"D:/Unreal Projects/EndlessRunner/Content/Characters/Mannequins/Textures/Quinn/T_Quinn_02ID_Tan.ubulk" 662
"D:/Unreal Projects/EndlessRunner/Content/Characters/Mannequins/Textures/Quinn/T_Quinn_02ID_Tan.uasset" 663
"D:/Unreal Projects/EndlessRunner/Content/Characters/Mannequins/Textures/Quinn/T_Quinn_02ID_Tan.uexp" 664
"D:/Unreal Projects/EndlessRunner/Content/Characters/Mannequins/Textures/Quinn/T_Quinn_02ID_D.ubulk" 665
"D:/Unreal Projects/EndlessRunner/Content/Characters/Mannequins/Textures/Quinn/T_Quinn_02ID_D.uasset" 666
"D:/Unreal Projects/EndlessRunner/Content/Characters/Mannequins/Textures/Quinn/T_Quinn_02ID_D.uexp" 667
"D:/Unreal Projects/EndlessRunner/Content/Characters/Mannequins/Textures/Quinn/T_Quinn_01ID_MSR_MSK.ubulk" 668
"D:/Unreal Projects/EndlessRunner/Content/Characters/Mannequins/Textures/Quinn/T_Quinn_01ID_MSR_MSK.uasset" 669
"D:/Unreal Projects/EndlessRunner/Content/Characters/Mannequins/Textures/Quinn/T_Quinn_01ID_MSR_MSK.uexp" 670
"D:/Unreal Projects/EndlessRunner/Content/Characters/Mannequins/Materials/Functions/ChromaticCurve.uasset" 671
"D:/Unreal Projects/EndlessRunner/Content/Characters/Mannequins/Materials/Functions/ChromaticCurve.uexp" 672
"D:/Unreal Projects/EndlessRunner/Content/Characters/Mannequins/Materials/Functions/CA_Mannequin.uasset" 673
"D:/Unreal Projects/EndlessRunner/Content/Characters/Mannequins/Materials/Functions/CA_Mannequin.uexp" 674
"D:/Unreal Projects/EndlessRunner/Content/Characters/Mannequins/Materials/Functions/MF_Diffraction.uasset" 675
"D:/Unreal Projects/EndlessRunner/Content/Characters/Mannequins/Materials/Functions/MF_Diffraction.uexp" 676
"D:/Unreal Projects/EndlessRunner/Content/Characters/Mannequins/Textures/Manny/T_Manny_01_N.ubulk" 677
"D:/Unreal Projects/EndlessRunner/Content/Characters/Mannequins/Textures/Manny/T_Manny_01_N.uasset" 678
"D:/Unreal Projects/EndlessRunner/Content/Characters/Mannequins/Textures/Manny/T_Manny_01_N.uexp" 679
"D:/Unreal Projects/EndlessRunner/Content/Characters/Mannequins/Materials/Functions/ML_BaseColorFallOff.uasset" 680
"D:/Unreal Projects/EndlessRunner/Content/Characters/Mannequins/Materials/Functions/ML_BaseColorFallOff.uexp" 681
"../../../Engine/Content/Functions/Engine_MaterialFunctions01/Texturing/ScaleUVsByCenter.uasset" 682
"../../../Engine/Content/Functions/Engine_MaterialFunctions01/Texturing/ScaleUVsByCenter.uexp" 683
"D:/Unreal Projects/EndlessRunner/Content/Characters/Mannequins/Textures/Shared/T_UE_Logo_M.uasset" 684
"D:/Unreal Projects/EndlessRunner/Content/Characters/Mannequins/Textures/Shared/T_UE_Logo_M.uexp" 685
"D:/Unreal Projects/EndlessRunner/Content/Characters/Mannequins/Materials/Functions/MF_logo3layers.uasset" 686
"D:/Unreal Projects/EndlessRunner/Content/Characters/Mannequins/Materials/Functions/MF_logo3layers.uexp" 687
"D:/Unreal Projects/EndlessRunner/Content/Characters/Mannequins/Textures/Manny/T_Manny_01_CCRCCPlastic_MSK.ubulk" 688
"D:/Unreal Projects/EndlessRunner/Content/Characters/Mannequins/Textures/Manny/T_Manny_01_CCRCCPlastic_MSK.uasset" 689
"D:/Unreal Projects/EndlessRunner/Content/Characters/Mannequins/Textures/Manny/T_Manny_01_CCRCCPlastic_MSK.uexp" 690
"D:/Unreal Projects/EndlessRunner/Content/Characters/Mannequins/Textures/Manny/T_Manny_01_ASAOPMASK_MSK.ubulk" 691
"D:/Unreal Projects/EndlessRunner/Content/Characters/Mannequins/Textures/Manny/T_Manny_01_ASAOPMASK_MSK.uasset" 692
"D:/Unreal Projects/EndlessRunner/Content/Characters/Mannequins/Textures/Manny/T_Manny_01_ASAOPMASK_MSK.uexp" 693
"D:/Unreal Projects/EndlessRunner/Content/Characters/Mannequins/Textures/Manny/T_Manny_01_MSR_MSK.ubulk" 694
"D:/Unreal Projects/EndlessRunner/Content/Characters/Mannequins/Textures/Manny/T_Manny_01_MSR_MSK.uasset" 695
"D:/Unreal Projects/EndlessRunner/Content/Characters/Mannequins/Textures/Manny/T_Manny_01_MSR_MSK.uexp" 696
"D:/Unreal Projects/EndlessRunner/Content/Characters/Mannequins/Textures/Manny/T_Manny_01_BN.ubulk" 697
"D:/Unreal Projects/EndlessRunner/Content/Characters/Mannequins/Textures/Manny/T_Manny_01_BN.uasset" 698
"D:/Unreal Projects/EndlessRunner/Content/Characters/Mannequins/Textures/Manny/T_Manny_01_BN.uexp" 699
"D:/Unreal Projects/EndlessRunner/Content/Characters/Mannequins/Textures/Manny/T_Manny_01_D.ubulk" 700
"D:/Unreal Projects/EndlessRunner/Content/Characters/Mannequins/Textures/Manny/T_Manny_01_D.uasset" 701
"D:/Unreal Projects/EndlessRunner/Content/Characters/Mannequins/Textures/Manny/T_Manny_01_D.uexp" 702
"D:/Unreal Projects/EndlessRunner/Content/Characters/Mannequins/Textures/Manny/T_Manny_01_Tan.ubulk" 703
"D:/Unreal Projects/EndlessRunner/Content/Characters/Mannequins/Textures/Manny/T_Manny_01_Tan.uasset" 704
"D:/Unreal Projects/EndlessRunner/Content/Characters/Mannequins/Textures/Manny/T_Manny_01_Tan.uexp" 705
"D:/Unreal Projects/EndlessRunner/Content/Characters/Mannequins/Materials/M_Mannequin.uasset" 706
"D:/Unreal Projects/EndlessRunner/Content/Characters/Mannequins/Materials/M_Mannequin.uexp" 707
"D:/Unreal Projects/EndlessRunner/Content/Characters/Mannequins/Textures/Quinn/T_Quinn_01_ASAOMASK_MSK.ubulk" 708
"D:/Unreal Projects/EndlessRunner/Content/Characters/Mannequins/Textures/Quinn/T_Quinn_01_ASAOMASK_MSK.uasset" 709
"D:/Unreal Projects/EndlessRunner/Content/Characters/Mannequins/Textures/Quinn/T_Quinn_01_ASAOMASK_MSK.uexp" 710
"D:/Unreal Projects/EndlessRunner/Content/Characters/Mannequins/Textures/Quinn/T_Quinn_01ID_N.ubulk" 711
"D:/Unreal Projects/EndlessRunner/Content/Characters/Mannequins/Textures/Quinn/T_Quinn_01ID_N.uasset" 712
"D:/Unreal Projects/EndlessRunner/Content/Characters/Mannequins/Textures/Quinn/T_Quinn_01ID_N.uexp" 713
"D:/Unreal Projects/EndlessRunner/Content/Characters/Mannequins/Textures/Quinn/T_Quinn_01ID_BN.ubulk" 714
"D:/Unreal Projects/EndlessRunner/Content/Characters/Mannequins/Textures/Quinn/T_Quinn_01ID_BN.uasset" 715
"D:/Unreal Projects/EndlessRunner/Content/Characters/Mannequins/Textures/Quinn/T_Quinn_01ID_BN.uexp" 716
"D:/Unreal Projects/EndlessRunner/Content/Characters/Mannequins/Textures/Quinn/T_Quinn_01ID_D.ubulk" 717
"D:/Unreal Projects/EndlessRunner/Content/Characters/Mannequins/Textures/Quinn/T_Quinn_01ID_D.uasset" 718
"D:/Unreal Projects/EndlessRunner/Content/Characters/Mannequins/Textures/Quinn/T_Quinn_01ID_D.uexp" 719
"D:/Unreal Projects/EndlessRunner/Content/Characters/Mannequins/Textures/Quinn/T_Quinn_01ID_Tan.ubulk" 720
"D:/Unreal Projects/EndlessRunner/Content/Characters/Mannequins/Textures/Quinn/T_Quinn_01ID_Tan.uasset" 721
"D:/Unreal Projects/EndlessRunner/Content/Characters/Mannequins/Textures/Quinn/T_Quinn_01ID_Tan.uexp" 722
"D:/Unreal Projects/EndlessRunner/Content/Characters/Mannequins/Textures/Quinn/T_Quinn_01_CCRCCPlastic_MSK.ubulk" 723
"D:/Unreal Projects/EndlessRunner/Content/Characters/Mannequins/Textures/Quinn/T_Quinn_01_CCRCCPlastic_MSK.uasset" 724
"D:/Unreal Projects/EndlessRunner/Content/Characters/Mannequins/Textures/Quinn/T_Quinn_01_CCRCCPlastic_MSK.uexp" 725
"D:/Unreal Projects/EndlessRunner/Content/Characters/Mannequins/Materials/Instances/Quinn/MI_Quinn_01.uasset" 726
"D:/Unreal Projects/EndlessRunner/Content/Characters/Mannequins/Materials/Instances/Quinn/MI_Quinn_01.uexp" 727
"D:/Unreal Projects/EndlessRunner/Content/Characters/Mannequins/Textures/Quinn/T_Quinn_02ID_N.ubulk" 728
"D:/Unreal Projects/EndlessRunner/Content/Characters/Mannequins/Textures/Quinn/T_Quinn_02ID_N.uasset" 729
"D:/Unreal Projects/EndlessRunner/Content/Characters/Mannequins/Textures/Quinn/T_Quinn_02ID_N.uexp" 730
"D:/Unreal Projects/EndlessRunner/Content/Characters/Mannequins/Materials/Instances/Quinn/MI_Quinn_02.uasset" 731
"D:/Unreal Projects/EndlessRunner/Content/Characters/Mannequins/Materials/Instances/Quinn/MI_Quinn_02.uexp" 732
"D:/Unreal Projects/EndlessRunner/Content/Characters/Mannequins/Meshes/SKM_Quinn.uasset" 733
"D:/Unreal Projects/EndlessRunner/Content/Characters/Mannequins/Meshes/SKM_Quinn.uexp" 734
"D:/Unreal Projects/EndlessRunner/Content/Characters/Mannequins/Textures/Manny/T_Manny_02_MSR_MSK.ubulk" 735
"D:/Unreal Projects/EndlessRunner/Content/Characters/Mannequins/Textures/Manny/T_Manny_02_MSR_MSK.uasset" 736
"D:/Unreal Projects/EndlessRunner/Content/Characters/Mannequins/Textures/Manny/T_Manny_02_MSR_MSK.uexp" 737
"D:/Unreal Projects/EndlessRunner/Content/Characters/Mannequins/Textures/Manny/T_Manny_02_CCRCCPlastic_MSK.ubulk" 738
"D:/Unreal Projects/EndlessRunner/Content/Characters/Mannequins/Textures/Manny/T_Manny_02_CCRCCPlastic_MSK.uasset" 739
"D:/Unreal Projects/EndlessRunner/Content/Characters/Mannequins/Textures/Manny/T_Manny_02_CCRCCPlastic_MSK.uexp" 740
"D:/Unreal Projects/EndlessRunner/Content/Characters/Mannequins/Textures/Manny/T_Manny_02_Tan.ubulk" 741
"D:/Unreal Projects/EndlessRunner/Content/Characters/Mannequins/Textures/Manny/T_Manny_02_Tan.uasset" 742
"D:/Unreal Projects/EndlessRunner/Content/Characters/Mannequins/Textures/Manny/T_Manny_02_Tan.uexp" 743
"D:/Unreal Projects/EndlessRunner/Content/Characters/Mannequins/Textures/Manny/T_Manny_02_N.ubulk" 744
"D:/Unreal Projects/EndlessRunner/Content/Characters/Mannequins/Textures/Manny/T_Manny_02_N.uasset" 745
"D:/Unreal Projects/EndlessRunner/Content/Characters/Mannequins/Textures/Manny/T_Manny_02_N.uexp" 746
"D:/Unreal Projects/EndlessRunner/Content/Characters/Mannequins/Materials/Instances/Manny/MI_Manny_01.uasset" 747
"D:/Unreal Projects/EndlessRunner/Content/Characters/Mannequins/Materials/Instances/Manny/MI_Manny_01.uexp" 748
"D:/Unreal Projects/EndlessRunner/Content/Characters/Mannequins/Textures/Manny/T_Manny_02_BN.ubulk" 749
"D:/Unreal Projects/EndlessRunner/Content/Characters/Mannequins/Textures/Manny/T_Manny_02_BN.uasset" 750
"D:/Unreal Projects/EndlessRunner/Content/Characters/Mannequins/Textures/Manny/T_Manny_02_BN.uexp" 751
"D:/Unreal Projects/EndlessRunner/Content/Characters/Mannequins/Textures/Manny/T_Manny_02_ASAOPMASK_MSK.ubulk" 752
"D:/Unreal Projects/EndlessRunner/Content/Characters/Mannequins/Textures/Manny/T_Manny_02_ASAOPMASK_MSK.uasset" 753
"D:/Unreal Projects/EndlessRunner/Content/Characters/Mannequins/Textures/Manny/T_Manny_02_ASAOPMASK_MSK.uexp" 754
"D:/Unreal Projects/EndlessRunner/Content/Characters/Mannequins/Textures/Manny/T_Manny_02_D.ubulk" 755
"D:/Unreal Projects/EndlessRunner/Content/Characters/Mannequins/Textures/Manny/T_Manny_02_D.uasset" 756
"D:/Unreal Projects/EndlessRunner/Content/Characters/Mannequins/Textures/Manny/T_Manny_02_D.uexp" 757
"D:/Unreal Projects/EndlessRunner/Content/Characters/Mannequins/Materials/Instances/Manny/MI_Manny_02.uasset" 758
"D:/Unreal Projects/EndlessRunner/Content/Characters/Mannequins/Materials/Instances/Manny/MI_Manny_02.uexp" 759
"D:/Unreal Projects/EndlessRunner/Content/Characters/Mannequins/Rigs/PA_Mannequin.uasset" 760
"D:/Unreal Projects/EndlessRunner/Content/Characters/Mannequins/Rigs/PA_Mannequin.uexp" 761
"D:/Unreal Projects/EndlessRunner/Content/Characters/Mannequins/Meshes/SKM_Manny_Simple.uasset" 762
"D:/Unreal Projects/EndlessRunner/Content/Characters/Mannequins/Meshes/SKM_Manny_Simple.uexp" 763
"D:/Unreal Projects/EndlessRunner/Content/Characters/Mannequins/Meshes/Mannequin_LODSettings.uasset" 764
"D:/Unreal Projects/EndlessRunner/Content/Characters/Mannequins/Meshes/Mannequin_LODSettings.uexp" 765
"D:/Unreal Projects/EndlessRunner/Content/Characters/Mannequins/Rigs/Poses/Manny/Manny_foot_l_anim.uasset" 766
"D:/Unreal Projects/EndlessRunner/Content/Characters/Mannequins/Rigs/Poses/Manny/Manny_foot_l_anim.uexp" 767
"D:/Unreal Projects/EndlessRunner/Content/Characters/Mannequins/Rigs/Poses/Manny/Manny_foot_l_pose.uasset" 768
"D:/Unreal Projects/EndlessRunner/Content/Characters/Mannequins/Rigs/Poses/Manny/Manny_foot_l_pose.uexp" 769
"D:/Unreal Projects/EndlessRunner/Content/Characters/Mannequins/Rigs/Poses/Manny/Manny_thigh_r_anim.uasset" 770
"D:/Unreal Projects/EndlessRunner/Content/Characters/Mannequins/Rigs/Poses/Manny/Manny_thigh_r_anim.uexp" 771
"D:/Unreal Projects/EndlessRunner/Content/Characters/Mannequins/Rigs/Poses/Manny/Manny_thigh_r_pose.uasset" 772
"D:/Unreal Projects/EndlessRunner/Content/Characters/Mannequins/Rigs/Poses/Manny/Manny_thigh_r_pose.uexp" 773
"D:/Unreal Projects/EndlessRunner/Content/Characters/Mannequins/Rigs/Poses/Manny/Manny_hand_r_anim.uasset" 774
"D:/Unreal Projects/EndlessRunner/Content/Characters/Mannequins/Rigs/Poses/Manny/Manny_hand_r_anim.uexp" 775
"D:/Unreal Projects/EndlessRunner/Content/Characters/Mannequins/Rigs/Poses/Manny/Manny_hand_r_pose.uasset" 776
"D:/Unreal Projects/EndlessRunner/Content/Characters/Mannequins/Rigs/Poses/Manny/Manny_hand_r_pose.uexp" 777
"D:/Unreal Projects/EndlessRunner/Content/Characters/Mannequins/Rigs/Poses/Manny/Manny_clavicle_l_anim.uasset" 778
"D:/Unreal Projects/EndlessRunner/Content/Characters/Mannequins/Rigs/Poses/Manny/Manny_clavicle_l_anim.uexp" 779
"D:/Unreal Projects/EndlessRunner/Content/Characters/Mannequins/Rigs/Poses/Manny/Manny_clavicle_l_pose.uasset" 780
"D:/Unreal Projects/EndlessRunner/Content/Characters/Mannequins/Rigs/Poses/Manny/Manny_clavicle_l_pose.uexp" 781
"D:/Unreal Projects/EndlessRunner/Content/Characters/Mannequins/Rigs/Poses/Manny/Manny_calf_l_anim.uasset" 782
"D:/Unreal Projects/EndlessRunner/Content/Characters/Mannequins/Rigs/Poses/Manny/Manny_calf_l_anim.uexp" 783
"D:/Unreal Projects/EndlessRunner/Content/Characters/Mannequins/Rigs/Poses/Manny/Manny_calf_l_pose.uasset" 784
"D:/Unreal Projects/EndlessRunner/Content/Characters/Mannequins/Rigs/Poses/Manny/Manny_calf_l_pose.uexp" 785
"D:/Unreal Projects/EndlessRunner/Content/Characters/Mannequins/Rigs/Poses/Manny/Manny_hand_l_anim.uasset" 786
"D:/Unreal Projects/EndlessRunner/Content/Characters/Mannequins/Rigs/Poses/Manny/Manny_hand_l_anim.uexp" 787
"D:/Unreal Projects/EndlessRunner/Content/Characters/Mannequins/Rigs/Poses/Manny/Manny_hand_l_pose.uasset" 788
"D:/Unreal Projects/EndlessRunner/Content/Characters/Mannequins/Rigs/Poses/Manny/Manny_hand_l_pose.uexp" 789
"D:/Unreal Projects/EndlessRunner/Content/Characters/Mannequins/Rigs/Poses/Manny/Manny_upperarm_r_anim.uasset" 790
"D:/Unreal Projects/EndlessRunner/Content/Characters/Mannequins/Rigs/Poses/Manny/Manny_upperarm_r_anim.uexp" 791
"D:/Unreal Projects/EndlessRunner/Content/Characters/Mannequins/Rigs/Poses/Manny/Manny_upperarm_r_pose.uasset" 792
"D:/Unreal Projects/EndlessRunner/Content/Characters/Mannequins/Rigs/Poses/Manny/Manny_upperarm_r_pose.uexp" 793
"D:/Unreal Projects/EndlessRunner/Content/Characters/Mannequins/Rigs/Poses/Manny/Manny_lowerarm_r_anim.uasset" 794
"D:/Unreal Projects/EndlessRunner/Content/Characters/Mannequins/Rigs/Poses/Manny/Manny_lowerarm_r_anim.uexp" 795
"D:/Unreal Projects/EndlessRunner/Content/Characters/Mannequins/Rigs/Poses/Manny/Manny_lowerarm_r_pose.uasset" 796
"D:/Unreal Projects/EndlessRunner/Content/Characters/Mannequins/Rigs/Poses/Manny/Manny_lowerarm_r_pose.uexp" 797
"D:/Unreal Projects/EndlessRunner/Content/Characters/Mannequins/Rigs/Poses/Manny/Manny_calf_r_anim.uasset" 798
"D:/Unreal Projects/EndlessRunner/Content/Characters/Mannequins/Rigs/Poses/Manny/Manny_calf_r_anim.uexp" 799
"D:/Unreal Projects/EndlessRunner/Content/Characters/Mannequins/Rigs/Poses/Manny/Manny_calf_r_pose.uasset" 800
"D:/Unreal Projects/EndlessRunner/Content/Characters/Mannequins/Rigs/Poses/Manny/Manny_calf_r_pose.uexp" 801
"D:/Unreal Projects/EndlessRunner/Content/Characters/Mannequins/Rigs/Poses/Manny/Manny_foot_r_anim.uasset" 802
"D:/Unreal Projects/EndlessRunner/Content/Characters/Mannequins/Rigs/Poses/Manny/Manny_foot_r_anim.uexp" 803
"D:/Unreal Projects/EndlessRunner/Content/Characters/Mannequins/Rigs/Poses/Manny/Manny_foot_r_pose.uasset" 804
"D:/Unreal Projects/EndlessRunner/Content/Characters/Mannequins/Rigs/Poses/Manny/Manny_foot_r_pose.uexp" 805
"D:/Unreal Projects/EndlessRunner/Content/Characters/Mannequins/Rigs/Poses/Manny/Manny_lowerarm_l_anim.uasset" 806
"D:/Unreal Projects/EndlessRunner/Content/Characters/Mannequins/Rigs/Poses/Manny/Manny_lowerarm_l_anim.uexp" 807
"D:/Unreal Projects/EndlessRunner/Content/Characters/Mannequins/Rigs/Poses/Manny/Manny_lowerarm_l_pose.uasset" 808
"D:/Unreal Projects/EndlessRunner/Content/Characters/Mannequins/Rigs/Poses/Manny/Manny_lowerarm_l_pose.uexp" 809
"D:/Unreal Projects/EndlessRunner/Content/Characters/Mannequins/Rigs/Poses/Manny/Manny_clavicle_r_anim.uasset" 810
"D:/Unreal Projects/EndlessRunner/Content/Characters/Mannequins/Rigs/Poses/Manny/Manny_clavicle_r_anim.uexp" 811
"D:/Unreal Projects/EndlessRunner/Content/Characters/Mannequins/Rigs/Poses/Manny/Manny_clavicle_r_pose.uasset" 812
"D:/Unreal Projects/EndlessRunner/Content/Characters/Mannequins/Rigs/Poses/Manny/Manny_clavicle_r_pose.uexp" 813
"D:/Unreal Projects/EndlessRunner/Content/Characters/Mannequins/Rigs/Poses/Manny/Manny_thigh_l_anim.uasset" 814
"D:/Unreal Projects/EndlessRunner/Content/Characters/Mannequins/Rigs/Poses/Manny/Manny_thigh_l_anim.uexp" 815
"D:/Unreal Projects/EndlessRunner/Content/Characters/Mannequins/Rigs/Poses/Manny/Manny_thigh_l_pose.uasset" 816
"D:/Unreal Projects/EndlessRunner/Content/Characters/Mannequins/Rigs/Poses/Manny/Manny_thigh_l_pose.uexp" 817
"D:/Unreal Projects/EndlessRunner/Content/Characters/Mannequins/Rigs/Poses/Manny/Manny_upperarm_l_anim.uasset" 818
"D:/Unreal Projects/EndlessRunner/Content/Characters/Mannequins/Rigs/Poses/Manny/Manny_upperarm_l_anim.uexp" 819
"D:/Unreal Projects/EndlessRunner/Content/Characters/Mannequins/Rigs/Poses/Manny/Manny_upperarm_l_pose.uasset" 820
"D:/Unreal Projects/EndlessRunner/Content/Characters/Mannequins/Rigs/Poses/Manny/Manny_upperarm_l_pose.uexp" 821
"D:/Unreal Projects/EndlessRunner/Content/Characters/Mannequins/Rigs/ABP_Manny_PostProcess.uasset" 822
"D:/Unreal Projects/EndlessRunner/Content/Characters/Mannequins/Rigs/ABP_Manny_PostProcess.uexp" 823
"D:/Unreal Projects/EndlessRunner/Content/Characters/Mannequins/Meshes/SKM_Manny.uasset" 824
"D:/Unreal Projects/EndlessRunner/Content/Characters/Mannequins/Meshes/SKM_Manny.uexp" 825
"D:/Unreal Projects/EndlessRunner/Content/Characters/Mannequins/Rigs/IK_Mannequin.uasset" 826
"D:/Unreal Projects/EndlessRunner/Content/Characters/Mannequins/Rigs/IK_Mannequin.uexp" 827
"D:/Unreal Projects/EndlessRunner/Content/Characters/Mannequins/Rigs/RTG_Mannequin.uasset" 828
"D:/Unreal Projects/EndlessRunner/Content/Characters/Mannequins/Rigs/RTG_Mannequin.uexp" 829
"D:/Unreal Projects/EndlessRunner/Content/ThirdPerson/Maps/ThirdPersonMap_BuiltData.ubulk" 830
"D:/Unreal Projects/EndlessRunner/Content/ThirdPerson/Maps/ThirdPersonMap_BuiltData.uasset" 831
"D:/Unreal Projects/EndlessRunner/Content/ThirdPerson/Maps/ThirdPersonMap_BuiltData.uexp" 832
"D:/Unreal Projects/EndlessRunner/Content/RunnerFiles/UI/HUD/Background.uasset" 833
"D:/Unreal Projects/EndlessRunner/Content/RunnerFiles/UI/HUD/Background.uexp" 834
"D:/Unreal Projects/EndlessRunner/Content/LevelPrototyping/Textures/T_GridChecker_A.ubulk" 835
"D:/Unreal Projects/EndlessRunner/Content/LevelPrototyping/Textures/T_GridChecker_A.uasset" 836
"D:/Unreal Projects/EndlessRunner/Content/LevelPrototyping/Textures/T_GridChecker_A.uexp" 837
"../../../Engine/Content/Functions/Engine_MaterialFunctions01/Gradient/LinearGradient.uasset" 838
"../../../Engine/Content/Functions/Engine_MaterialFunctions01/Gradient/LinearGradient.uexp" 839
"../../../Engine/Content/Functions/Engine_MaterialFunctions01/ImageAdjustment/CheapContrast.uasset" 840
"../../../Engine/Content/Functions/Engine_MaterialFunctions01/ImageAdjustment/CheapContrast.uexp" 841
"D:/Unreal Projects/EndlessRunner/Content/LevelPrototyping/Materials/MF_ProcGrid.uasset" 842
"D:/Unreal Projects/EndlessRunner/Content/LevelPrototyping/Materials/MF_ProcGrid.uexp" 843
"D:/Unreal Projects/EndlessRunner/Content/LevelPrototyping/Materials/M_PrototypeGrid.uasset" 844
"D:/Unreal Projects/EndlessRunner/Content/LevelPrototyping/Materials/M_PrototypeGrid.uexp" 845
"D:/Unreal Projects/EndlessRunner/Content/LevelPrototyping/Materials/MI_PrototypeGrid_Gray.uasset" 846
"D:/Unreal Projects/EndlessRunner/Content/LevelPrototyping/Materials/MI_PrototypeGrid_Gray.uexp" 847
"D:/Unreal Projects/EndlessRunner/Content/LevelPrototyping/Meshes/SM_Ramp.ubulk" 848
"D:/Unreal Projects/EndlessRunner/Content/LevelPrototyping/Meshes/SM_Ramp.uasset" 849
"D:/Unreal Projects/EndlessRunner/Content/LevelPrototyping/Meshes/SM_Ramp.uexp" 850
"D:/Unreal Projects/EndlessRunner/Content/LevelPrototyping/Meshes/SM_QuarterCylinder.ubulk" 851
"D:/Unreal Projects/EndlessRunner/Content/LevelPrototyping/Meshes/SM_QuarterCylinder.uasset" 852
"D:/Unreal Projects/EndlessRunner/Content/LevelPrototyping/Meshes/SM_QuarterCylinder.uexp" 853
"D:/Unreal Projects/EndlessRunner/Content/LevelPrototyping/Meshes/SM_Cylinder.ubulk" 854
"D:/Unreal Projects/EndlessRunner/Content/LevelPrototyping/Meshes/SM_Cylinder.uasset" 855
"D:/Unreal Projects/EndlessRunner/Content/LevelPrototyping/Meshes/SM_Cylinder.uexp" 856
"D:/Unreal Projects/EndlessRunner/Content/LevelPrototyping/Meshes/SM_Cube.ubulk" 857
"D:/Unreal Projects/EndlessRunner/Content/LevelPrototyping/Meshes/SM_Cube.uasset" 858
"D:/Unreal Projects/EndlessRunner/Content/LevelPrototyping/Meshes/SM_Cube.uexp" 859
"D:/Unreal Projects/EndlessRunner/Content/LevelPrototyping/Materials/M_Solid.uasset" 860
"D:/Unreal Projects/EndlessRunner/Content/LevelPrototyping/Materials/M_Solid.uexp" 861
"D:/Unreal Projects/EndlessRunner/Content/LevelPrototyping/Materials/MI_Solid_Blue.uasset" 862
"D:/Unreal Projects/EndlessRunner/Content/LevelPrototyping/Materials/MI_Solid_Blue.uexp" 863
"D:/Unreal Projects/EndlessRunner/Content/LevelPrototyping/Meshes/SM_ChamferCube.ubulk" 864
"D:/Unreal Projects/EndlessRunner/Content/LevelPrototyping/Meshes/SM_ChamferCube.uasset" 865
"D:/Unreal Projects/EndlessRunner/Content/LevelPrototyping/Meshes/SM_ChamferCube.uexp" 866
"D:/Unreal Projects/EndlessRunner/Content/LevelPrototyping/Materials/MI_PrototypeGrid_TopDark.uasset" 867
"D:/Unreal Projects/EndlessRunner/Content/LevelPrototyping/Materials/MI_PrototypeGrid_TopDark.uexp" 868
"D:/Unreal Projects/EndlessRunner/Content/LevelPrototyping/Materials/MI_PrototypeGrid_Gray_02.uasset" 869
"D:/Unreal Projects/EndlessRunner/Content/LevelPrototyping/Materials/MI_PrototypeGrid_Gray_02.uexp" 870
"D:/Unreal Projects/EndlessRunner/Content/Characters/Mannequin_UE4/Textures/T_UELogo_N_TGA.ubulk" 871
"D:/Unreal Projects/EndlessRunner/Content/Characters/Mannequin_UE4/Textures/T_UELogo_N_TGA.uasset" 872
"D:/Unreal Projects/EndlessRunner/Content/Characters/Mannequin_UE4/Textures/T_UELogo_N_TGA.uexp" 873
"D:/Unreal Projects/EndlessRunner/Content/Characters/Mannequin_UE4/Textures/T_UE4_Mannequin__normals.ubulk" 874
"D:/Unreal Projects/EndlessRunner/Content/Characters/Mannequin_UE4/Textures/T_UE4_Mannequin__normals.uasset" 875
"D:/Unreal Projects/EndlessRunner/Content/Characters/Mannequin_UE4/Textures/T_UE4_Mannequin__normals.uexp" 876
"D:/Unreal Projects/EndlessRunner/Content/Characters/Mannequin_UE4/Materials/Layers/ML_ShinyPlastic_Beige.uasset" 877
"D:/Unreal Projects/EndlessRunner/Content/Characters/Mannequin_UE4/Materials/Layers/ML_ShinyPlastic_Beige.uexp" 878
"../../../Engine/Content/Functions/Engine_MaterialFunctions02/Utility/BlendAngleCorrectedNormals.uasset" 879
"../../../Engine/Content/Functions/Engine_MaterialFunctions02/Utility/BlendAngleCorrectedNormals.uexp" 880
"../../../Engine/Content/Functions/MaterialLayerFunctions/MatLayerBlend_NormalBlend.uasset" 881
"../../../Engine/Content/Functions/MaterialLayerFunctions/MatLayerBlend_NormalBlend.uexp" 882
"D:/Unreal Projects/EndlessRunner/Content/Characters/Mannequin_UE4/Textures/T_UELogo_Mask.ubulk" 883
"D:/Unreal Projects/EndlessRunner/Content/Characters/Mannequin_UE4/Textures/T_UELogo_Mask.uasset" 884
"D:/Unreal Projects/EndlessRunner/Content/Characters/Mannequin_UE4/Textures/T_UELogo_Mask.uexp" 885
"D:/Unreal Projects/EndlessRunner/Content/Characters/Mannequin_UE4/Materials/Layers/ML_ShinyPlastic_Beige_Logo.uasset" 886
"D:/Unreal Projects/EndlessRunner/Content/Characters/Mannequin_UE4/Materials/Layers/ML_ShinyPlastic_Beige_Logo.uexp" 887
"D:/Unreal Projects/EndlessRunner/Content/Characters/Mannequin_UE4/Textures/T_UE4_Mannequin_MAT_MASKA.ubulk" 888
"D:/Unreal Projects/EndlessRunner/Content/Characters/Mannequin_UE4/Textures/T_UE4_Mannequin_MAT_MASKA.uasset" 889
"D:/Unreal Projects/EndlessRunner/Content/Characters/Mannequin_UE4/Textures/T_UE4_Mannequin_MAT_MASKA.uexp" 890
"D:/Unreal Projects/EndlessRunner/Content/Characters/Mannequin_UE4/Textures/T_ML_Aluminum01_N.ubulk" 891
"D:/Unreal Projects/EndlessRunner/Content/Characters/Mannequin_UE4/Textures/T_ML_Aluminum01_N.uasset" 892
"D:/Unreal Projects/EndlessRunner/Content/Characters/Mannequin_UE4/Textures/T_ML_Aluminum01_N.uexp" 893
"D:/Unreal Projects/EndlessRunner/Content/Characters/Mannequin_UE4/Textures/T_ML_Aluminum01.ubulk" 894
"D:/Unreal Projects/EndlessRunner/Content/Characters/Mannequin_UE4/Textures/T_ML_Aluminum01.uasset" 895
"D:/Unreal Projects/EndlessRunner/Content/Characters/Mannequin_UE4/Textures/T_ML_Aluminum01.uexp" 896
"D:/Unreal Projects/EndlessRunner/Content/Characters/Mannequin_UE4/Materials/Layers/ML_SoftMetal.uasset" 897
"D:/Unreal Projects/EndlessRunner/Content/Characters/Mannequin_UE4/Materials/Layers/ML_SoftMetal.uexp" 898
"../../../Engine/Content/Functions/MaterialLayerFunctions/MatLayerBlend_Simple.uasset" 899
"../../../Engine/Content/Functions/MaterialLayerFunctions/MatLayerBlend_Simple.uexp" 900
"D:/Unreal Projects/EndlessRunner/Content/Characters/Mannequin_UE4/Textures/T_ML_Rubber_Blue_01_N.ubulk" 901
"D:/Unreal Projects/EndlessRunner/Content/Characters/Mannequin_UE4/Textures/T_ML_Rubber_Blue_01_N.uasset" 902
"D:/Unreal Projects/EndlessRunner/Content/Characters/Mannequin_UE4/Textures/T_ML_Rubber_Blue_01_N.uexp" 903
"D:/Unreal Projects/EndlessRunner/Content/Characters/Mannequin_UE4/Textures/T_ML_Rubber_Blue_01_D.ubulk" 904
"D:/Unreal Projects/EndlessRunner/Content/Characters/Mannequin_UE4/Textures/T_ML_Rubber_Blue_01_D.uasset" 905
"D:/Unreal Projects/EndlessRunner/Content/Characters/Mannequin_UE4/Textures/T_ML_Rubber_Blue_01_D.uexp" 906
"D:/Unreal Projects/EndlessRunner/Content/Characters/Mannequin_UE4/Materials/Layers/ML_Latex_Black.uasset" 907
"D:/Unreal Projects/EndlessRunner/Content/Characters/Mannequin_UE4/Materials/Layers/ML_Latex_Black.uexp" 908
"D:/Unreal Projects/EndlessRunner/Content/Characters/Mannequin_UE4/Materials/M_MannequinUE4_Body.uasset" 909
"D:/Unreal Projects/EndlessRunner/Content/Characters/Mannequin_UE4/Materials/M_MannequinUE4_Body.uexp" 910
"D:/Unreal Projects/EndlessRunner/Content/Characters/Mannequin_UE4/Materials/M_MannequinUE4_ChestLogo.uasset" 911
"D:/Unreal Projects/EndlessRunner/Content/Characters/Mannequin_UE4/Materials/M_MannequinUE4_ChestLogo.uexp" 912
"D:/Unreal Projects/EndlessRunner/Content/Characters/Mannequin_UE4/Meshes/SK_Mannequin_PhysicsAsset.uasset" 913
"D:/Unreal Projects/EndlessRunner/Content/Characters/Mannequin_UE4/Meshes/SK_Mannequin_PhysicsAsset.uexp" 914
"D:/Unreal Projects/EndlessRunner/Content/Characters/Mannequin_UE4/Meshes/SK_Mannequin_Skeleton.uasset" 915
"D:/Unreal Projects/EndlessRunner/Content/Characters/Mannequin_UE4/Meshes/SK_Mannequin_Skeleton.uexp" 916
"D:/Unreal Projects/EndlessRunner/Content/Characters/Mannequin_UE4/Meshes/SK_Mannequin.uasset" 917
"D:/Unreal Projects/EndlessRunner/Content/Characters/Mannequin_UE4/Meshes/SK_Mannequin.uexp" 918
"D:/Unreal Projects/EndlessRunner/Content/Characters/Mannequin_UE4/Rigs/IK_UE4_Mannequin.uasset" 919
"D:/Unreal Projects/EndlessRunner/Content/Characters/Mannequin_UE4/Rigs/IK_UE4_Mannequin.uexp" 920
"D:/Unreal Projects/EndlessRunner/Content/Characters/Mannequin_UE4/Rigs/RTG_UE5Manny_UE4Manny.uasset" 921
"D:/Unreal Projects/EndlessRunner/Content/Characters/Mannequin_UE4/Rigs/RTG_UE5Manny_UE4Manny.uexp" 922
"D:/Unreal Projects/EndlessRunner/Content/Characters/Mannequin_UE4/Rigs/RTG_UE4Manny_UE5Manny.uasset" 923
"D:/Unreal Projects/EndlessRunner/Content/Characters/Mannequin_UE4/Rigs/RTG_UE4Manny_UE5Manny.uexp" 924
"D:/Unreal Projects/EndlessRunner/Content/Characters/Mannequin_UE4/Animations/Jog_Fwd.uasset" 925
"D:/Unreal Projects/EndlessRunner/Content/Characters/Mannequin_UE4/Animations/Jog_Fwd.uexp" 926
"../../../Engine/Plugins/Animation/ControlRig/Content/Controls/DefaultGizmoLibraryNormalized.uasset" 927
"../../../Engine/Plugins/Animation/ControlRig/Content/Controls/DefaultGizmoLibraryNormalized.uexp" 928
"D:/Unreal Projects/EndlessRunner/Content/Characters/Mannequins/Rigs/CR_Mannequin_Body.uasset" 929
"D:/Unreal Projects/EndlessRunner/Content/Characters/Mannequins/Rigs/CR_Mannequin_Body.uexp" 930
"../../../Engine/Content/Maps/Entry_BuiltData.uasset" 931
"../../../Engine/Content/Maps/Entry_BuiltData.uexp" 932
"../../../Engine/Content/Maps/Entry.uexp" 933
"../../../Engine/Content/Maps/Entry.umap" 934
"../../../Engine/Content/Maps/Templates/HLODs/HLODLayer_Instanced.uasset" 935
"../../../Engine/Content/Maps/Templates/HLODs/HLODLayer_Instanced.uexp" 936
"D:/Unreal Projects/EndlessRunner/Content/Characters/Mannequins/Meshes/SKM_Quinn_Simple.uasset" 937
"D:/Unreal Projects/EndlessRunner/Content/Characters/Mannequins/Meshes/SKM_Quinn_Simple.uexp" 938
"D:/Unreal Projects/EndlessRunner/Content/RunnerFiles/UI/EndGame/ScoreIcon.uasset" 939
"D:/Unreal Projects/EndlessRunner/Content/RunnerFiles/UI/EndGame/ScoreIcon.uexp" 940
"D:/Unreal Projects/EndlessRunner/Content/RunnerFiles/UI/EndGame/HighscoreIcon.uasset" 941
"D:/Unreal Projects/EndlessRunner/Content/RunnerFiles/UI/EndGame/HighscoreIcon.uexp" 942
"D:/Unreal Projects/EndlessRunner/Content/RunnerFiles/UI/EndGame/CoinsIcon.uasset" 943
"D:/Unreal Projects/EndlessRunner/Content/RunnerFiles/UI/EndGame/CoinsIcon.uexp" 944
"D:/Unreal Projects/EndlessRunner/Content/RunnerFiles/UI/HUD/LeaveHovered.uasset" 945
"D:/Unreal Projects/EndlessRunner/Content/RunnerFiles/UI/HUD/LeaveHovered.uexp" 946
"D:/Unreal Projects/EndlessRunner/Content/RunnerFiles/UI/HUD/ContinueHovered.uasset" 947
"D:/Unreal Projects/EndlessRunner/Content/RunnerFiles/UI/HUD/ContinueHovered.uexp" 948
"D:/Unreal Projects/EndlessRunner/Content/RunnerFiles/UI/HUD/LeaveButton.uasset" 949
"D:/Unreal Projects/EndlessRunner/Content/RunnerFiles/UI/HUD/LeaveButton.uexp" 950
"D:/Unreal Projects/EndlessRunner/Content/RunnerFiles/UI/HUD/ContinueButton.uasset" 951
"D:/Unreal Projects/EndlessRunner/Content/RunnerFiles/UI/HUD/ContinueButton.uexp" 952
"D:/Unreal Projects/EndlessRunner/Content/RunnerFiles/Blueprints/Paused.uasset" 953
"D:/Unreal Projects/EndlessRunner/Content/RunnerFiles/Blueprints/Paused.uexp" 954
"D:/Unreal Projects/EndlessRunner/Content/RunnerFiles/Blueprints/EndlessSaveGame.uasset" 955
"D:/Unreal Projects/EndlessRunner/Content/RunnerFiles/Blueprints/EndlessSaveGame.uexp" 956
"D:/Unreal Projects/EndlessRunner/Content/RunnerFiles/UI/HUD/Pause.uasset" 957
"D:/Unreal Projects/EndlessRunner/Content/RunnerFiles/UI/HUD/Pause.uexp" 958
"D:/Unreal Projects/EndlessRunner/Content/RunnerFiles/Blueprints/RunnerHUD.uasset" 959
"D:/Unreal Projects/EndlessRunner/Content/RunnerFiles/Blueprints/RunnerHUD.uexp" 960
"D:/Unreal Projects/EndlessRunner/Content/Characters/Mannequins/Animations/Quinn/MF_Run_Fwd.uasset" 961
"D:/Unreal Projects/EndlessRunner/Content/Characters/Mannequins/Animations/Quinn/MF_Run_Fwd.uexp" 962
"D:/Unreal Projects/EndlessRunner/Content/Characters/Mannequins/Animations/Quinn/MF_Walk_Fwd.uasset" 963
"D:/Unreal Projects/EndlessRunner/Content/Characters/Mannequins/Animations/Quinn/MF_Walk_Fwd.uexp" 964
"../../../Engine/Content/Animation/DefaultRecorderBoneCompression.uasset" 965
"../../../Engine/Content/Animation/DefaultRecorderBoneCompression.uexp" 966
"D:/Unreal Projects/EndlessRunner/Content/Characters/Mannequins/Animations/Manny/MM_Walk_InPlace.uasset" 967
"D:/Unreal Projects/EndlessRunner/Content/Characters/Mannequins/Animations/Manny/MM_Walk_InPlace.uexp" 968
"D:/Unreal Projects/EndlessRunner/Content/Characters/Mannequins/Animations/Quinn/BS_MF_Unarmed_WalkRun.uasset" 969
"D:/Unreal Projects/EndlessRunner/Content/Characters/Mannequins/Animations/Quinn/BS_MF_Unarmed_WalkRun.uexp" 970
"D:/Unreal Projects/EndlessRunner/Content/Characters/Mannequins/Animations/Quinn/MF_Idle.uasset" 971
"D:/Unreal Projects/EndlessRunner/Content/Characters/Mannequins/Animations/Quinn/MF_Idle.uexp" 972
"D:/Unreal Projects/EndlessRunner/Content/Characters/Mannequins/Animations/Manny/MM_Fall_Loop.uasset" 973
"D:/Unreal Projects/EndlessRunner/Content/Characters/Mannequins/Animations/Manny/MM_Fall_Loop.uexp" 974
"D:/Unreal Projects/EndlessRunner/Content/Characters/Mannequins/Animations/Manny/MM_Jump.uasset" 975
"D:/Unreal Projects/EndlessRunner/Content/Characters/Mannequins/Animations/Manny/MM_Jump.uexp" 976
"D:/Unreal Projects/EndlessRunner/Content/Characters/Mannequins/Rigs/CR_Mannequin_BasicFootIK.uasset" 977
"D:/Unreal Projects/EndlessRunner/Content/Characters/Mannequins/Rigs/CR_Mannequin_BasicFootIK.uexp" 978
"D:/Unreal Projects/EndlessRunner/Content/Characters/Mannequins/Animations/Manny/MM_Run_Fwd.uasset" 979
"D:/Unreal Projects/EndlessRunner/Content/Characters/Mannequins/Animations/Manny/MM_Run_Fwd.uexp" 980
"D:/Unreal Projects/EndlessRunner/Content/Characters/Mannequins/Animations/Manny/MM_Walk_Fwd.uasset" 981
"D:/Unreal Projects/EndlessRunner/Content/Characters/Mannequins/Animations/Manny/MM_Walk_Fwd.uexp" 982
"D:/Unreal Projects/EndlessRunner/Content/Characters/Mannequins/Animations/Manny/BS_MM_WalkRun.uasset" 983
"D:/Unreal Projects/EndlessRunner/Content/Characters/Mannequins/Animations/Manny/BS_MM_WalkRun.uexp" 984
"D:/Unreal Projects/EndlessRunner/Content/Characters/Mannequins/Animations/Manny/MM_Land.uasset" 985
"D:/Unreal Projects/EndlessRunner/Content/Characters/Mannequins/Animations/Manny/MM_Land.uexp" 986
"D:/Unreal Projects/EndlessRunner/Content/Characters/Mannequins/Animations/Manny/MM_Idle.uasset" 987
"D:/Unreal Projects/EndlessRunner/Content/Characters/Mannequins/Animations/Manny/MM_Idle.uexp" 988
"D:/Unreal Projects/EndlessRunner/Content/Characters/Mannequins/Animations/ABP_Manny.uasset" 989
"D:/Unreal Projects/EndlessRunner/Content/Characters/Mannequins/Animations/ABP_Manny.uexp" 990
"D:/Unreal Projects/EndlessRunner/Content/Characters/Mannequins/Animations/ABP_Quinn.uasset" 991
"D:/Unreal Projects/EndlessRunner/Content/Characters/Mannequins/Animations/ABP_Quinn.uexp" 992
"D:/Unreal Projects/EndlessRunner/Content/RunnerFiles/UI/EndGame/MenuButton.uasset" 993
"D:/Unreal Projects/EndlessRunner/Content/RunnerFiles/UI/EndGame/MenuButton.uexp" 994
"D:/Unreal Projects/EndlessRunner/Content/RunnerFiles/UI/EndGame/MenuHovered.uasset" 995
"D:/Unreal Projects/EndlessRunner/Content/RunnerFiles/UI/EndGame/MenuHovered.uexp" 996
"D:/Unreal Projects/EndlessRunner/Content/RunnerFiles/UI/EndGame/GameOver.uasset" 997
"D:/Unreal Projects/EndlessRunner/Content/RunnerFiles/UI/EndGame/GameOver.uexp" 998
"D:/Unreal Projects/EndlessRunner/Content/RunnerFiles/UI/EndGame/RestartButton.uasset" 999
"D:/Unreal Projects/EndlessRunner/Content/RunnerFiles/UI/EndGame/RestartButton.uexp" 1000
"D:/Unreal Projects/EndlessRunner/Content/RunnerFiles/UI/EndGame/RestartHovered.uasset" 1001
"D:/Unreal Projects/EndlessRunner/Content/RunnerFiles/UI/EndGame/RestartHovered.uexp" 1002
"D:/Unreal Projects/EndlessRunner/Content/RunnerFiles/UI/EndGame/GameOverScreen.uasset" 1003
"D:/Unreal Projects/EndlessRunner/Content/RunnerFiles/UI/EndGame/GameOverScreen.uexp" 1004
"../../../Engine/Content/EditorBlueprintResources/StandardMacros.uasset" 1005
"../../../Engine/Content/EditorBlueprintResources/StandardMacros.uexp" 1006
"D:/Unreal Projects/EndlessRunner/Content/ThirdPerson/Blueprints/BP_ThirdPersonCharacter.uasset" 1007
"D:/Unreal Projects/EndlessRunner/Content/ThirdPerson/Blueprints/BP_ThirdPersonCharacter.uexp" 1008
"D:/Unreal Projects/EndlessRunner/Content/RunnerFiles/Tiles/FloorTile_Nrm.ubulk" 1009
"D:/Unreal Projects/EndlessRunner/Content/RunnerFiles/Tiles/FloorTile_Nrm.uasset" 1010
"D:/Unreal Projects/EndlessRunner/Content/RunnerFiles/Tiles/FloorTile_Nrm.uexp" 1011
"D:/Unreal Projects/EndlessRunner/Content/RunnerFiles/Tiles/FloorTile_EM.ubulk" 1012
"D:/Unreal Projects/EndlessRunner/Content/RunnerFiles/Tiles/FloorTile_EM.uasset" 1013
"D:/Unreal Projects/EndlessRunner/Content/RunnerFiles/Tiles/FloorTile_EM.uexp" 1014
"D:/Unreal Projects/EndlessRunner/Content/RunnerFiles/Tiles/FloorTile_Diff.ubulk" 1015
"D:/Unreal Projects/EndlessRunner/Content/RunnerFiles/Tiles/FloorTile_Diff.uasset" 1016
"D:/Unreal Projects/EndlessRunner/Content/RunnerFiles/Tiles/FloorTile_Diff.uexp" 1017
"D:/Unreal Projects/EndlessRunner/Content/RunnerFiles/Tiles/FloorTile_Mat.uasset" 1018
"D:/Unreal Projects/EndlessRunner/Content/RunnerFiles/Tiles/FloorTile_Mat.uexp" 1019
"D:/Unreal Projects/EndlessRunner/Content/RunnerFiles/Meshes/Crate_Diffuse.ubulk" 1020
"D:/Unreal Projects/EndlessRunner/Content/RunnerFiles/Meshes/Crate_Diffuse.uasset" 1021
"D:/Unreal Projects/EndlessRunner/Content/RunnerFiles/Meshes/Crate_Diffuse.uexp" 1022
"D:/Unreal Projects/EndlessRunner/Content/RunnerFiles/Meshes/Material.uasset" 1023
"D:/Unreal Projects/EndlessRunner/Content/RunnerFiles/Meshes/Material.uexp" 1024
"D:/Unreal Projects/EndlessRunner/Content/RunnerFiles/Meshes/box.ubulk" 1025
"D:/Unreal Projects/EndlessRunner/Content/RunnerFiles/Meshes/box.uasset" 1026
"D:/Unreal Projects/EndlessRunner/Content/RunnerFiles/Meshes/box.uexp" 1027
"D:/Unreal Projects/EndlessRunner/Content/RunnerFiles/Blueprints/Obstacle_Box.uasset" 1028
"D:/Unreal Projects/EndlessRunner/Content/RunnerFiles/Blueprints/Obstacle_Box.uexp" 1029
"D:/Unreal Projects/EndlessRunner/Content/RunnerFiles/Meshes/KineticEnergy.uasset" 1030
"D:/Unreal Projects/EndlessRunner/Content/RunnerFiles/Meshes/KineticEnergy.uexp" 1031
"D:/Unreal Projects/EndlessRunner/Content/RunnerFiles/Meshes/pickup_kineticEnergy.ubulk" 1032
"D:/Unreal Projects/EndlessRunner/Content/RunnerFiles/Meshes/pickup_kineticEnergy.uasset" 1033
"D:/Unreal Projects/EndlessRunner/Content/RunnerFiles/Meshes/pickup_kineticEnergy.uexp" 1034
"D:/Unreal Projects/EndlessRunner/Content/RunnerFiles/SFX/Pickup_SFX.ubulk" 1035
"D:/Unreal Projects/EndlessRunner/Content/RunnerFiles/SFX/Pickup_SFX.uasset" 1036
"D:/Unreal Projects/EndlessRunner/Content/RunnerFiles/SFX/Pickup_SFX.uexp" 1037
"D:/Unreal Projects/EndlessRunner/Content/RunnerFiles/Blueprints/Coin_Pickup.uasset" 1038
"D:/Unreal Projects/EndlessRunner/Content/RunnerFiles/Blueprints/Coin_Pickup.uexp" 1039
"../../../Engine/Content/BasicShapes/Cube.ubulk" 1040
"../../../Engine/Content/BasicShapes/Cube.uasset" 1041
"../../../Engine/Content/BasicShapes/Cube.uexp" 1042
"D:/Unreal Projects/EndlessRunner/Content/RunnerFiles/Meshes/PipeMain.uasset" 1043
"D:/Unreal Projects/EndlessRunner/Content/RunnerFiles/Meshes/PipeMain.uexp" 1044
"D:/Unreal Projects/EndlessRunner/Content/RunnerFiles/Meshes/Low_Obstacles_Pipes.ubulk" 1045
"D:/Unreal Projects/EndlessRunner/Content/RunnerFiles/Meshes/Low_Obstacles_Pipes.uasset" 1046
"D:/Unreal Projects/EndlessRunner/Content/RunnerFiles/Meshes/Low_Obstacles_Pipes.uexp" 1047
"D:/Unreal Projects/EndlessRunner/Content/RunnerFiles/Blueprints/Obstacle_Pipe.uasset" 1048
"D:/Unreal Projects/EndlessRunner/Content/RunnerFiles/Blueprints/Obstacle_Pipe.uexp" 1049
"D:/Unreal Projects/EndlessRunner/Content/RunnerFiles/Meshes/MagnetWhite.uasset" 1050
"D:/Unreal Projects/EndlessRunner/Content/RunnerFiles/Meshes/MagnetWhite.uexp" 1051
"D:/Unreal Projects/EndlessRunner/Content/RunnerFiles/Meshes/MagnetRed.uasset" 1052
"D:/Unreal Projects/EndlessRunner/Content/RunnerFiles/Meshes/MagnetRed.uexp" 1053
"D:/Unreal Projects/EndlessRunner/Content/RunnerFiles/Meshes/Magnet.ubulk" 1054
"D:/Unreal Projects/EndlessRunner/Content/RunnerFiles/Meshes/Magnet.uasset" 1055
"D:/Unreal Projects/EndlessRunner/Content/RunnerFiles/Meshes/Magnet.uexp" 1056
"D:/Unreal Projects/EndlessRunner/Content/RunnerFiles/Blueprints/Magnet_Pickup.uasset" 1057
"D:/Unreal Projects/EndlessRunner/Content/RunnerFiles/Blueprints/Magnet_Pickup.uexp" 1058
"D:/Unreal Projects/EndlessRunner/Content/RunnerFiles/Meshes/Boot01Mat.uasset" 1059
"D:/Unreal Projects/EndlessRunner/Content/RunnerFiles/Meshes/Boot01Mat.uexp" 1060
"D:/Unreal Projects/EndlessRunner/Content/RunnerFiles/Meshes/BootsPickup.ubulk" 1061
"D:/Unreal Projects/EndlessRunner/Content/RunnerFiles/Meshes/BootsPickup.uasset" 1062
"D:/Unreal Projects/EndlessRunner/Content/RunnerFiles/Meshes/BootsPickup.uexp" 1063
"D:/Unreal Projects/EndlessRunner/Content/RunnerFiles/Blueprints/Boots_Pickup.uasset" 1064
"D:/Unreal Projects/EndlessRunner/Content/RunnerFiles/Blueprints/Boots_Pickup.uexp" 1065
"D:/Unreal Projects/EndlessRunner/Content/RunnerFiles/Blueprints/MasterTile.uasset" 1066
"D:/Unreal Projects/EndlessRunner/Content/RunnerFiles/Blueprints/MasterTile.uexp" 1067
"D:/Unreal Projects/EndlessRunner/Content/RunnerFiles/Blueprints/FirstTile.uasset" 1068
"D:/Unreal Projects/EndlessRunner/Content/RunnerFiles/Blueprints/FirstTile.uexp" 1069
"D:/Unreal Projects/EndlessRunner/Content/ThirdPerson/Blueprints/BP_ThirdPersonGameMode.uasset" 1070
"D:/Unreal Projects/EndlessRunner/Content/ThirdPerson/Blueprints/BP_ThirdPersonGameMode.uexp" 1071
"D:/Unreal Projects/EndlessRunner/Content/RunnerLevel.uexp" 1072
"D:/Unreal Projects/EndlessRunner/Content/RunnerLevel.umap" 1073
"D:/Unreal Projects/EndlessRunner/Content/Blueprints/MainMenuMode.uasset" 1074
"D:/Unreal Projects/EndlessRunner/Content/Blueprints/MainMenuMode.uexp" 1075
"D:/Unreal Projects/EndlessRunner/Content/RunnerFiles/UI/MainMenu/StartButtonPressed.uasset" 1076
"D:/Unreal Projects/EndlessRunner/Content/RunnerFiles/UI/MainMenu/StartButtonPressed.uexp" 1077
"D:/Unreal Projects/EndlessRunner/Content/RunnerFiles/UI/MainMenu/StartButton.uasset" 1078
"D:/Unreal Projects/EndlessRunner/Content/RunnerFiles/UI/MainMenu/StartButton.uexp" 1079
"D:/Unreal Projects/EndlessRunner/Content/RunnerFiles/UI/MainMenu/ExitButtonPressed.uasset" 1080
"D:/Unreal Projects/EndlessRunner/Content/RunnerFiles/UI/MainMenu/ExitButtonPressed.uexp" 1081
"D:/Unreal Projects/EndlessRunner/Content/RunnerFiles/UI/MainMenu/ExitButton.uasset" 1082
"D:/Unreal Projects/EndlessRunner/Content/RunnerFiles/UI/MainMenu/ExitButton.uexp" 1083
"D:/Unreal Projects/EndlessRunner/Content/RunnerFiles/UI/MainMenu/Background.uasset" 1084
"D:/Unreal Projects/EndlessRunner/Content/RunnerFiles/UI/MainMenu/Background.uexp" 1085
"D:/Unreal Projects/EndlessRunner/Content/RunnerFiles/UI/MainMenu/MainMenu.uasset" 1086
"D:/Unreal Projects/EndlessRunner/Content/RunnerFiles/UI/MainMenu/MainMenu.uexp" 1087
"D:/Unreal Projects/EndlessRunner/Content/MainMenuLevel.uexp" 1088
"D:/Unreal Projects/EndlessRunner/Content/MainMenuLevel.umap" 1089
"D:/Unreal Projects/EndlessRunner/Content/ThirdPerson/Maps/ThirdPersonMap.uexp" 1090
"D:/Unreal Projects/EndlessRunner/Content/ThirdPerson/Maps/ThirdPersonMap.umap" 1091
